[2021-02-08 15:56:31.468] [jointLog] [info] Fragment incompatibility prior below threshold.  Incompatible fragments will be ignored.
[2021-02-08 15:56:31.468] [jointLog] [info] Usage of --validateMappings implies use of minScoreFraction. Since not explicitly specified, it is being set to 0.65
[2021-02-08 15:56:31.468] [jointLog] [info] Usage of --validateMappings, without --hardFilter implies use of range factorization. rangeFactorizationBins is being set to 4
[2021-02-08 15:56:31.468] [jointLog] [info] Usage of --validateMappings implies a default consensus slack of 0.2. Setting consensusSlack to 0.2.
[2021-02-08 15:56:31.468] [jointLog] [info] parsing read library format
[2021-02-08 15:56:31.468] [jointLog] [info] There is 1 library.
[2021-02-08 15:56:31.560] [jointLog] [info] Loading Quasi index
[2021-02-08 15:56:31.561] [jointLog] [info] Loading 32-bit quasi index
[2021-02-08 15:56:44.684] [jointLog] [info] done
[2021-02-08 15:56:44.684] [jointLog] [info] Index contained 198,540 targets
[2021-02-08 15:56:45.536] [jointLog] [info] Automatically detected most likely library type as ISR
[2021-02-08 15:59:30.941] [jointLog] [info] Thread saw mini-batch with a maximum of 1.06% zero probability fragments
[2021-02-08 15:59:30.945] [jointLog] [info] Thread saw mini-batch with a maximum of 1.18% zero probability fragments
[2021-02-08 15:59:30.959] [jointLog] [info] Thread saw mini-batch with a maximum of 1.12% zero probability fragments
[2021-02-08 15:59:30.968] [jointLog] [info] Thread saw mini-batch with a maximum of 1.20% zero probability fragments
[2021-02-08 15:59:30.997] [jointLog] [info] Thread saw mini-batch with a maximum of 1.26% zero probability fragments
[2021-02-08 15:59:31.009] [jointLog] [info] Thread saw mini-batch with a maximum of 1.12% zero probability fragments
[2021-02-08 15:59:31.014] [jointLog] [info] Thread saw mini-batch with a maximum of 1.18% zero probability fragments
[2021-02-08 15:59:31.026] [jointLog] [info] Thread saw mini-batch with a maximum of 1.10% zero probability fragments
[2021-02-08 15:59:31.172] [jointLog] [info] Thread saw mini-batch with a maximum of 1.04% zero probability fragments
[2021-02-08 15:59:31.249] [jointLog] [info] Thread saw mini-batch with a maximum of 1.14% zero probability fragments
[2021-02-08 15:59:31.750] [fileLog] [info] 
At end of round 0
==================
Observed 26381507 total fragments (26381507 in most recent round)

[2021-02-08 15:59:31.749] [jointLog] [info] Computed 569,032 rich equivalence classes for further processing
[2021-02-08 15:59:31.749] [jointLog] [info] Counted 22,274,176 total reads in the equivalence classes 
[2021-02-08 15:59:31.776] [jointLog] [info] Number of mappings discarded because of alignment score : 2,421,022
[2021-02-08 15:59:31.776] [jointLog] [info] Number of fragments entirely discarded because of alignment score : 2,027,238
[2021-02-08 15:59:31.776] [jointLog] [info] Mapping rate = 84.431%

[2021-02-08 15:59:31.776] [jointLog] [info] finished quantifyLibrary()
[2021-02-08 15:59:31.794] [jointLog] [info] Starting optimizer
[2021-02-08 15:59:31.942] [jointLog] [info] Marked 0 weighted equivalence classes as degenerate
[2021-02-08 15:59:31.961] [jointLog] [info] iteration = 0 | max rel diff. = 6211.85
[2021-02-08 15:59:33.731] [jointLog] [info] iteration = 100 | max rel diff. = 13.4871
[2021-02-08 15:59:35.502] [jointLog] [info] iteration = 200 | max rel diff. = 1.28069
[2021-02-08 15:59:37.271] [jointLog] [info] iteration = 300 | max rel diff. = 0.331188
[2021-02-08 15:59:39.049] [jointLog] [info] iteration = 400 | max rel diff. = 0.625284
[2021-02-08 15:59:40.828] [jointLog] [info] iteration = 500 | max rel diff. = 0.468809
[2021-02-08 15:59:42.605] [jointLog] [info] iteration = 600 | max rel diff. = 0.637939
[2021-02-08 15:59:44.377] [jointLog] [info] iteration = 700 | max rel diff. = 0.214552
[2021-02-08 15:59:46.150] [jointLog] [info] iteration = 800 | max rel diff. = 0.240047
[2021-02-08 15:59:47.931] [jointLog] [info] iteration = 900 | max rel diff. = 0.0659983
[2021-02-08 15:59:49.617] [jointLog] [info] iteration = 1,000 | max rel diff. = 0.13523
[2021-02-08 15:59:51.271] [jointLog] [info] iteration = 1,100 | max rel diff. = 0.198384
[2021-02-08 15:59:52.925] [jointLog] [info] iteration = 1,200 | max rel diff. = 0.0103693
[2021-02-08 15:59:54.577] [jointLog] [info] iteration = 1,300 | max rel diff. = 0.0287323
[2021-02-08 15:59:56.229] [jointLog] [info] iteration = 1,400 | max rel diff. = 0.0968234
[2021-02-08 15:59:56.610] [jointLog] [info] iteration = 1,424 | max rel diff. = 0.00997802
[2021-02-08 15:59:56.616] [jointLog] [info] Finished optimizer
[2021-02-08 15:59:56.616] [jointLog] [info] writing output 

