[2019-10-02 14:13:15.439] [jointLog] [info] Fragment incompatibility prior below threshold.  Incompatible fragments will be ignored.
[2019-10-02 14:13:15.439] [jointLog] [info] Usage of --validateMappings implies use of minScoreFraction. Since not explicitly specified, it is being set to 0.65
[2019-10-02 14:13:15.439] [jointLog] [info] Usage of --validateMappings, without --hardFilter implies use of range factorization. rangeFactorizationBins is being set to 4
[2019-10-02 14:13:15.440] [jointLog] [info] Usage of --validateMappings implies a default consensus slack of 0.2. Setting consensusSlack to 0.2.
[2019-10-02 14:13:15.440] [jointLog] [info] parsing read library format
[2019-10-02 14:13:15.440] [jointLog] [info] There is 1 library.
[2019-10-02 14:13:15.520] [jointLog] [info] Loading Quasi index
[2019-10-02 14:13:15.521] [jointLog] [info] Loading 32-bit quasi index
[2019-10-02 14:15:51.699] [jointLog] [info] done
[2019-10-02 14:15:51.699] [jointLog] [info] Index contained 233,839 targets
[2019-10-02 14:15:52.569] [jointLog] [info] Automatically detected most likely library type as ISR
[2019-10-02 14:19:40.426] [jointLog] [info] Thread saw mini-batch with a maximum of 1.44% zero probability fragments
[2019-10-02 14:19:40.470] [jointLog] [info] Thread saw mini-batch with a maximum of 1.30% zero probability fragments
[2019-10-02 14:19:40.486] [jointLog] [info] Thread saw mini-batch with a maximum of 1.30% zero probability fragments
[2019-10-02 14:19:40.588] [jointLog] [info] Thread saw mini-batch with a maximum of 1.40% zero probability fragments
[2019-10-02 14:19:40.623] [jointLog] [info] Thread saw mini-batch with a maximum of 1.30% zero probability fragments
[2019-10-02 14:19:40.624] [jointLog] [info] Thread saw mini-batch with a maximum of 1.50% zero probability fragments
[2019-10-02 14:19:40.640] [jointLog] [info] Thread saw mini-batch with a maximum of 1.44% zero probability fragments
[2019-10-02 14:19:40.695] [jointLog] [info] Thread saw mini-batch with a maximum of 1.34% zero probability fragments
[2019-10-02 14:19:40.729] [jointLog] [info] Thread saw mini-batch with a maximum of 1.36% zero probability fragments
[2019-10-02 14:19:40.797] [jointLog] [info] Thread saw mini-batch with a maximum of 1.44% zero probability fragments
[2019-10-02 14:19:41.400] [jointLog] [info] Computed 638,106 rich equivalence classes for further processing
[2019-10-02 14:19:41.400] [jointLog] [info] Counted 23,630,174 total reads in the equivalence classes 
[2019-10-02 14:19:41.426] [jointLog] [info] Number of mappings discarded because of alignment score : 4,726,823
[2019-10-02 14:19:41.426] [jointLog] [info] Number of fragments entirely discarded because of alignment score : 1,471,476
[2019-10-02 14:19:41.426] [jointLog] [info] Mapping rate = 91.3472%

[2019-10-02 14:19:41.426] [jointLog] [info] finished quantifyLibrary()
[2019-10-02 14:19:41.428] [jointLog] [info] Starting optimizer
[2019-10-02 14:19:41.589] [jointLog] [info] Marked 0 weighted equivalence classes as degenerate
[2019-10-02 14:19:41.609] [jointLog] [info] iteration = 0 | max rel diff. = 5310.63
[2019-10-02 14:19:41.401] [fileLog] [info] 
At end of round 0
==================
Observed 25868517 total fragments (25868517 in most recent round)

[2019-10-02 14:19:43.556] [jointLog] [info] iteration = 100 | max rel diff. = 19.5096
[2019-10-02 14:19:45.504] [jointLog] [info] iteration = 200 | max rel diff. = 3.00339
[2019-10-02 14:19:47.452] [jointLog] [info] iteration = 300 | max rel diff. = 7.45606
[2019-10-02 14:19:49.400] [jointLog] [info] iteration = 400 | max rel diff. = 5.47113
[2019-10-02 14:19:51.349] [jointLog] [info] iteration = 500 | max rel diff. = 1.42305
[2019-10-02 14:19:53.297] [jointLog] [info] iteration = 600 | max rel diff. = 0.122778
[2019-10-02 14:19:55.245] [jointLog] [info] iteration = 700 | max rel diff. = 0.259759
[2019-10-02 14:19:57.201] [jointLog] [info] iteration = 800 | max rel diff. = 0.380007
[2019-10-02 14:19:59.151] [jointLog] [info] iteration = 900 | max rel diff. = 0.238277
[2019-10-02 14:20:01.099] [jointLog] [info] iteration = 1,000 | max rel diff. = 0.611952
[2019-10-02 14:20:03.047] [jointLog] [info] iteration = 1,100 | max rel diff. = 0.263339
[2019-10-02 14:20:04.995] [jointLog] [info] iteration = 1,200 | max rel diff. = 0.194467
[2019-10-02 14:20:06.943] [jointLog] [info] iteration = 1,300 | max rel diff. = 0.0241397
[2019-10-02 14:20:07.566] [jointLog] [info] iteration = 1,333 | max rel diff. = 0.00418994
[2019-10-02 14:20:07.571] [jointLog] [info] Finished optimizer
[2019-10-02 14:20:07.571] [jointLog] [info] writing output 

