[2019-11-15 11:11:38.874] [jointLog] [info] Fragment incompatibility prior below threshold.  Incompatible fragments will be ignored.
[2019-11-15 11:11:38.875] [jointLog] [info] Usage of --validateMappings implies use of minScoreFraction. Since not explicitly specified, it is being set to 0.65
[2019-11-15 11:11:38.875] [jointLog] [info] Usage of --validateMappings, without --hardFilter implies use of range factorization. rangeFactorizationBins is being set to 4
[2019-11-15 11:11:38.886] [jointLog] [info] Usage of --validateMappings implies a default consensus slack of 0.2. Setting consensusSlack to 0.2.
[2019-11-15 11:11:38.887] [jointLog] [info] parsing read library format
[2019-11-15 11:11:38.887] [jointLog] [info] There is 1 library.
[2019-11-15 11:11:39.033] [jointLog] [info] Loading Quasi index
[2019-11-15 11:11:39.127] [jointLog] [info] Loading 32-bit quasi index
[2019-11-15 11:29:54.394] [jointLog] [info] done
[2019-11-15 11:29:54.394] [jointLog] [info] Index contained 233,839 targets
[2019-11-15 11:29:55.792] [jointLog] [info] Automatically detected most likely library type as ISR
[2019-11-15 11:35:30.383] [jointLog] [info] Thread saw mini-batch with a maximum of 1.40% zero probability fragments
[2019-11-15 11:35:30.402] [jointLog] [info] Thread saw mini-batch with a maximum of 1.42% zero probability fragments
[2019-11-15 11:35:30.429] [jointLog] [info] Thread saw mini-batch with a maximum of 1.36% zero probability fragments
[2019-11-15 11:35:30.454] [jointLog] [info] Thread saw mini-batch with a maximum of 1.32% zero probability fragments
[2019-11-15 11:35:30.459] [jointLog] [info] Thread saw mini-batch with a maximum of 1.34% zero probability fragments
[2019-11-15 11:35:30.473] [jointLog] [info] Thread saw mini-batch with a maximum of 1.26% zero probability fragments
[2019-11-15 11:35:30.528] [jointLog] [info] Thread saw mini-batch with a maximum of 1.36% zero probability fragments
[2019-11-15 11:35:30.705] [jointLog] [info] Thread saw mini-batch with a maximum of 1.36% zero probability fragments
[2019-11-15 11:35:30.721] [jointLog] [info] Thread saw mini-batch with a maximum of 1.34% zero probability fragments
[2019-11-15 11:35:30.736] [jointLog] [info] Thread saw mini-batch with a maximum of 1.44% zero probability fragments
[2019-11-15 11:35:31.382] [jointLog] [info] Computed 747,933 rich equivalence classes for further processing
[2019-11-15 11:35:31.382] [jointLog] [info] Counted 37,754,102 total reads in the equivalence classes 
[2019-11-15 11:35:31.410] [jointLog] [info] Number of mappings discarded because of alignment score : 5,639,694
[2019-11-15 11:35:31.410] [jointLog] [info] Number of fragments entirely discarded because of alignment score : 1,476,133
[2019-11-15 11:35:31.410] [jointLog] [info] Mapping rate = 93.4693%

[2019-11-15 11:35:31.410] [jointLog] [info] finished quantifyLibrary()
[2019-11-15 11:35:31.412] [jointLog] [info] Starting optimizer
[2019-11-15 11:35:31.581] [jointLog] [info] Marked 0 weighted equivalence classes as degenerate
[2019-11-15 11:35:31.603] [jointLog] [info] iteration = 0 | max rel diff. = 3930.95
[2019-11-15 11:35:31.384] [fileLog] [info] 
At end of round 0
==================
Observed 40391975 total fragments (40391975 in most recent round)

[2019-11-15 11:35:33.786] [jointLog] [info] iteration = 100 | max rel diff. = 13.2012
[2019-11-15 11:35:35.970] [jointLog] [info] iteration = 200 | max rel diff. = 1.25171
[2019-11-15 11:35:38.154] [jointLog] [info] iteration = 300 | max rel diff. = 5.95508
[2019-11-15 11:35:40.337] [jointLog] [info] iteration = 400 | max rel diff. = 3.39625
[2019-11-15 11:35:42.521] [jointLog] [info] iteration = 500 | max rel diff. = 3.26183
[2019-11-15 11:35:44.704] [jointLog] [info] iteration = 600 | max rel diff. = 0.082223
[2019-11-15 11:35:46.890] [jointLog] [info] iteration = 700 | max rel diff. = 0.0894037
[2019-11-15 11:35:49.074] [jointLog] [info] iteration = 800 | max rel diff. = 0.17424
[2019-11-15 11:35:51.257] [jointLog] [info] iteration = 900 | max rel diff. = 0.417562
[2019-11-15 11:35:53.441] [jointLog] [info] iteration = 1,000 | max rel diff. = 8.14846
[2019-11-15 11:35:55.624] [jointLog] [info] iteration = 1,100 | max rel diff. = 0.0337825
[2019-11-15 11:35:57.808] [jointLog] [info] iteration = 1,200 | max rel diff. = 3.34674
[2019-11-15 11:35:59.992] [jointLog] [info] iteration = 1,300 | max rel diff. = 1.08195
[2019-11-15 11:36:02.175] [jointLog] [info] iteration = 1,400 | max rel diff. = 0.393717
[2019-11-15 11:36:02.590] [jointLog] [info] iteration = 1,420 | max rel diff. = 0.00764016
[2019-11-15 11:36:02.595] [jointLog] [info] Finished optimizer
[2019-11-15 11:36:02.595] [jointLog] [info] writing output 

