[2019-11-15 11:11:52.714] [jointLog] [info] Fragment incompatibility prior below threshold.  Incompatible fragments will be ignored.
[2019-11-15 11:11:52.714] [jointLog] [info] Usage of --validateMappings implies use of minScoreFraction. Since not explicitly specified, it is being set to 0.65
[2019-11-15 11:11:52.714] [jointLog] [info] Usage of --validateMappings, without --hardFilter implies use of range factorization. rangeFactorizationBins is being set to 4
[2019-11-15 11:11:52.718] [jointLog] [info] Usage of --validateMappings implies a default consensus slack of 0.2. Setting consensusSlack to 0.2.
[2019-11-15 11:11:52.718] [jointLog] [info] parsing read library format
[2019-11-15 11:11:52.718] [jointLog] [info] There is 1 library.
[2019-11-15 11:11:52.931] [jointLog] [info] Loading Quasi index
[2019-11-15 11:11:52.942] [jointLog] [info] Loading 32-bit quasi index
[2019-11-15 11:32:42.614] [jointLog] [info] done
[2019-11-15 11:32:42.614] [jointLog] [info] Index contained 233,839 targets
[2019-11-15 11:32:44.189] [jointLog] [info] Automatically detected most likely library type as ISR
[2019-11-15 11:38:58.993] [jointLog] [info] Thread saw mini-batch with a maximum of 1.30% zero probability fragments
[2019-11-15 11:38:59.037] [jointLog] [info] Thread saw mini-batch with a maximum of 1.22% zero probability fragments
[2019-11-15 11:38:59.085] [jointLog] [info] Thread saw mini-batch with a maximum of 1.32% zero probability fragments
[2019-11-15 11:38:59.152] [jointLog] [info] Thread saw mini-batch with a maximum of 1.26% zero probability fragments
[2019-11-15 11:38:59.196] [jointLog] [info] Thread saw mini-batch with a maximum of 1.22% zero probability fragments
[2019-11-15 11:38:59.234] [jointLog] [info] Thread saw mini-batch with a maximum of 1.22% zero probability fragments
[2019-11-15 11:38:59.242] [jointLog] [info] Thread saw mini-batch with a maximum of 1.30% zero probability fragments
[2019-11-15 11:38:59.325] [jointLog] [info] Thread saw mini-batch with a maximum of 1.26% zero probability fragments
[2019-11-15 11:38:59.328] [jointLog] [info] Thread saw mini-batch with a maximum of 1.28% zero probability fragments
[2019-11-15 11:38:59.409] [jointLog] [info] Thread saw mini-batch with a maximum of 1.48% zero probability fragments
[2019-11-15 11:39:00.113] [jointLog] [info] Computed 747,560 rich equivalence classes for further processing
[2019-11-15 11:39:00.113] [jointLog] [info] Counted 34,447,343 total reads in the equivalence classes 
[2019-11-15 11:39:00.135] [jointLog] [info] Number of mappings discarded because of alignment score : 5,797,869
[2019-11-15 11:39:00.135] [jointLog] [info] Number of fragments entirely discarded because of alignment score : 1,549,262
[2019-11-15 11:39:00.135] [jointLog] [info] Mapping rate = 93.059%

[2019-11-15 11:39:00.135] [jointLog] [info] finished quantifyLibrary()
[2019-11-15 11:39:00.137] [jointLog] [info] Starting optimizer
[2019-11-15 11:39:00.114] [fileLog] [info] 
At end of round 0
==================
Observed 37016679 total fragments (37016679 in most recent round)

[2019-11-15 11:39:00.404] [jointLog] [info] Marked 0 weighted equivalence classes as degenerate
[2019-11-15 11:39:00.432] [jointLog] [info] iteration = 0 | max rel diff. = 4571.2
[2019-11-15 11:39:03.363] [jointLog] [info] iteration = 100 | max rel diff. = 16.497
[2019-11-15 11:39:06.130] [jointLog] [info] iteration = 200 | max rel diff. = 6.15235
[2019-11-15 11:39:08.892] [jointLog] [info] iteration = 300 | max rel diff. = 1.07076
[2019-11-15 11:39:11.654] [jointLog] [info] iteration = 400 | max rel diff. = 0.359524
[2019-11-15 11:39:14.416] [jointLog] [info] iteration = 500 | max rel diff. = 0.485471
[2019-11-15 11:39:17.178] [jointLog] [info] iteration = 600 | max rel diff. = 0.265858
[2019-11-15 11:39:19.939] [jointLog] [info] iteration = 700 | max rel diff. = 10.841
[2019-11-15 11:39:22.689] [jointLog] [info] iteration = 800 | max rel diff. = 0.424785
[2019-11-15 11:39:25.231] [jointLog] [info] iteration = 900 | max rel diff. = 0.0141141
[2019-11-15 11:39:27.823] [jointLog] [info] iteration = 1,000 | max rel diff. = 0.0195727
[2019-11-15 11:39:30.420] [jointLog] [info] iteration = 1,100 | max rel diff. = 0.153768
[2019-11-15 11:39:33.029] [jointLog] [info] iteration = 1,200 | max rel diff. = 0.0161408
[2019-11-15 11:39:34.622] [jointLog] [info] iteration = 1,262 | max rel diff. = 0.00886201
[2019-11-15 11:39:34.627] [jointLog] [info] Finished optimizer
[2019-11-15 11:39:34.627] [jointLog] [info] writing output 

