[2019-10-02 14:03:55.541] [jointLog] [info] Fragment incompatibility prior below threshold.  Incompatible fragments will be ignored.
[2019-10-02 14:03:55.542] [jointLog] [info] Usage of --validateMappings implies use of minScoreFraction. Since not explicitly specified, it is being set to 0.65
[2019-10-02 14:03:55.542] [jointLog] [info] Usage of --validateMappings, without --hardFilter implies use of range factorization. rangeFactorizationBins is being set to 4
[2019-10-02 14:03:55.546] [jointLog] [info] Usage of --validateMappings implies a default consensus slack of 0.2. Setting consensusSlack to 0.2.
[2019-10-02 14:03:55.546] [jointLog] [info] parsing read library format
[2019-10-02 14:03:55.546] [jointLog] [info] There is 1 library.
[2019-10-02 14:03:55.758] [jointLog] [info] Loading Quasi index
[2019-10-02 14:03:55.767] [jointLog] [info] Loading 32-bit quasi index
[2019-10-02 14:09:05.221] [jointLog] [info] done
[2019-10-02 14:09:05.221] [jointLog] [info] Index contained 233,839 targets
[2019-10-02 14:09:06.796] [jointLog] [info] Automatically detected most likely library type as ISR
[2019-10-02 14:14:17.172] [jointLog] [info] Thread saw mini-batch with a maximum of 1.44% zero probability fragments
[2019-10-02 14:14:17.308] [jointLog] [info] Thread saw mini-batch with a maximum of 1.38% zero probability fragments
[2019-10-02 14:14:17.342] [jointLog] [info] Thread saw mini-batch with a maximum of 1.34% zero probability fragments
[2019-10-02 14:14:17.389] [jointLog] [info] Thread saw mini-batch with a maximum of 1.40% zero probability fragments
[2019-10-02 14:14:17.485] [jointLog] [info] Thread saw mini-batch with a maximum of 1.36% zero probability fragments
[2019-10-02 14:14:17.541] [jointLog] [info] Thread saw mini-batch with a maximum of 1.46% zero probability fragments
[2019-10-02 14:14:17.578] [jointLog] [info] Thread saw mini-batch with a maximum of 1.32% zero probability fragments
[2019-10-02 14:14:17.613] [jointLog] [info] Thread saw mini-batch with a maximum of 1.42% zero probability fragments
[2019-10-02 14:14:17.693] [jointLog] [info] Thread saw mini-batch with a maximum of 1.32% zero probability fragments
[2019-10-02 14:14:17.709] [jointLog] [info] Thread saw mini-batch with a maximum of 1.50% zero probability fragments
[2019-10-02 14:14:18.462] [fileLog] [info] 
At end of round 0
==================
Observed 24902718 total fragments (24902718 in most recent round)

[2019-10-02 14:14:18.461] [jointLog] [info] Computed 628,402 rich equivalence classes for further processing
[2019-10-02 14:14:18.461] [jointLog] [info] Counted 22,701,698 total reads in the equivalence classes 
[2019-10-02 14:14:18.492] [jointLog] [info] Number of mappings discarded because of alignment score : 3,804,202
[2019-10-02 14:14:18.492] [jointLog] [info] Number of fragments entirely discarded because of alignment score : 1,422,772
[2019-10-02 14:14:18.492] [jointLog] [info] Mapping rate = 91.1615%

[2019-10-02 14:14:18.493] [jointLog] [info] finished quantifyLibrary()
[2019-10-02 14:14:18.496] [jointLog] [info] Starting optimizer
[2019-10-02 14:14:18.749] [jointLog] [info] Marked 0 weighted equivalence classes as degenerate
[2019-10-02 14:14:18.782] [jointLog] [info] iteration = 0 | max rel diff. = 5290.97
[2019-10-02 14:14:21.631] [jointLog] [info] iteration = 100 | max rel diff. = 13.2723
[2019-10-02 14:14:24.125] [jointLog] [info] iteration = 200 | max rel diff. = 11.5724
[2019-10-02 14:14:26.599] [jointLog] [info] iteration = 300 | max rel diff. = 3.46917
[2019-10-02 14:14:29.101] [jointLog] [info] iteration = 400 | max rel diff. = 2.46752
[2019-10-02 14:14:31.593] [jointLog] [info] iteration = 500 | max rel diff. = 2.93741
[2019-10-02 14:14:34.082] [jointLog] [info] iteration = 600 | max rel diff. = 1.50425
[2019-10-02 14:14:36.572] [jointLog] [info] iteration = 700 | max rel diff. = 0.867936
[2019-10-02 14:14:39.063] [jointLog] [info] iteration = 800 | max rel diff. = 0.0404016
[2019-10-02 14:14:41.552] [jointLog] [info] iteration = 900 | max rel diff. = 0.078123
[2019-10-02 14:14:41.903] [jointLog] [info] iteration = 915 | max rel diff. = 0.00982397
[2019-10-02 14:14:41.910] [jointLog] [info] Finished optimizer
[2019-10-02 14:14:41.910] [jointLog] [info] writing output 

