[2019-10-02 14:03:50.596] [jointLog] [info] Fragment incompatibility prior below threshold.  Incompatible fragments will be ignored.
[2019-10-02 14:03:50.596] [jointLog] [info] Usage of --validateMappings implies use of minScoreFraction. Since not explicitly specified, it is being set to 0.65
[2019-10-02 14:03:50.596] [jointLog] [info] Usage of --validateMappings, without --hardFilter implies use of range factorization. rangeFactorizationBins is being set to 4
[2019-10-02 14:03:50.597] [jointLog] [info] Usage of --validateMappings implies a default consensus slack of 0.2. Setting consensusSlack to 0.2.
[2019-10-02 14:03:50.597] [jointLog] [info] parsing read library format
[2019-10-02 14:03:50.597] [jointLog] [info] There is 1 library.
[2019-10-02 14:03:50.688] [jointLog] [info] Loading Quasi index
[2019-10-02 14:03:50.765] [jointLog] [info] Loading 32-bit quasi index
[2019-10-02 14:08:50.056] [jointLog] [info] done
[2019-10-02 14:08:50.056] [jointLog] [info] Index contained 233,839 targets
[2019-10-02 14:08:50.927] [jointLog] [info] Automatically detected most likely library type as ISR
[2019-10-02 14:12:01.652] [jointLog] [info] Thread saw mini-batch with a maximum of 1.20% zero probability fragments
[2019-10-02 14:12:01.744] [jointLog] [info] Thread saw mini-batch with a maximum of 1.18% zero probability fragments
[2019-10-02 14:12:01.747] [jointLog] [info] Thread saw mini-batch with a maximum of 1.34% zero probability fragments
[2019-10-02 14:12:01.766] [jointLog] [info] Thread saw mini-batch with a maximum of 1.16% zero probability fragments
[2019-10-02 14:12:01.773] [jointLog] [info] Thread saw mini-batch with a maximum of 1.22% zero probability fragments
[2019-10-02 14:12:01.818] [jointLog] [info] Thread saw mini-batch with a maximum of 1.24% zero probability fragments
[2019-10-02 14:12:01.954] [jointLog] [info] Thread saw mini-batch with a maximum of 1.22% zero probability fragments
[2019-10-02 14:12:01.965] [jointLog] [info] Thread saw mini-batch with a maximum of 1.28% zero probability fragments
[2019-10-02 14:12:02.016] [jointLog] [info] Thread saw mini-batch with a maximum of 1.34% zero probability fragments
[2019-10-02 14:12:02.019] [jointLog] [info] Thread saw mini-batch with a maximum of 1.20% zero probability fragments
[2019-10-02 14:12:02.569] [jointLog] [info] Computed 580,550 rich equivalence classes for further processing
[2019-10-02 14:12:02.569] [jointLog] [info] Counted 21,189,153 total reads in the equivalence classes 
[2019-10-02 14:12:02.596] [jointLog] [info] Number of mappings discarded because of alignment score : 3,308,455
[2019-10-02 14:12:02.596] [jointLog] [info] Number of fragments entirely discarded because of alignment score : 1,201,595
[2019-10-02 14:12:02.596] [jointLog] [info] Mapping rate = 92.1312%

[2019-10-02 14:12:02.596] [jointLog] [info] finished quantifyLibrary()
[2019-10-02 14:12:02.598] [jointLog] [info] Starting optimizer
[2019-10-02 14:12:02.750] [jointLog] [info] Marked 0 weighted equivalence classes as degenerate
[2019-10-02 14:12:02.769] [jointLog] [info] iteration = 0 | max rel diff. = 5190.63
[2019-10-02 14:12:02.570] [fileLog] [info] 
At end of round 0
==================
Observed 22998897 total fragments (22998897 in most recent round)

[2019-10-02 14:12:04.559] [jointLog] [info] iteration = 100 | max rel diff. = 17.493
[2019-10-02 14:12:06.343] [jointLog] [info] iteration = 200 | max rel diff. = 11.8685
[2019-10-02 14:12:08.127] [jointLog] [info] iteration = 300 | max rel diff. = 0.841568
[2019-10-02 14:12:09.911] [jointLog] [info] iteration = 400 | max rel diff. = 0.148112
[2019-10-02 14:12:11.694] [jointLog] [info] iteration = 500 | max rel diff. = 0.22064
[2019-10-02 14:12:13.478] [jointLog] [info] iteration = 600 | max rel diff. = 0.926489
[2019-10-02 14:12:15.261] [jointLog] [info] iteration = 700 | max rel diff. = 0.04185
[2019-10-02 14:12:17.044] [jointLog] [info] iteration = 800 | max rel diff. = 2.68334
[2019-10-02 14:12:18.828] [jointLog] [info] iteration = 900 | max rel diff. = 0.0925907
[2019-10-02 14:12:20.614] [jointLog] [info] iteration = 1,000 | max rel diff. = 0.0515007
[2019-10-02 14:12:22.396] [jointLog] [info] iteration = 1,100 | max rel diff. = 0.800416
[2019-10-02 14:12:23.752] [jointLog] [info] iteration = 1,177 | max rel diff. = 0.00915695
[2019-10-02 14:12:23.757] [jointLog] [info] Finished optimizer
[2019-10-02 14:12:23.757] [jointLog] [info] writing output 

