[2019-10-02 14:14:02.638] [jointLog] [info] Fragment incompatibility prior below threshold.  Incompatible fragments will be ignored.
[2019-10-02 14:14:02.639] [jointLog] [info] Usage of --validateMappings implies use of minScoreFraction. Since not explicitly specified, it is being set to 0.65
[2019-10-02 14:14:02.639] [jointLog] [info] Usage of --validateMappings, without --hardFilter implies use of range factorization. rangeFactorizationBins is being set to 4
[2019-10-02 14:14:02.639] [jointLog] [info] Usage of --validateMappings implies a default consensus slack of 0.2. Setting consensusSlack to 0.2.
[2019-10-02 14:14:02.639] [jointLog] [info] parsing read library format
[2019-10-02 14:14:02.639] [jointLog] [info] There is 1 library.
[2019-10-02 14:14:02.734] [jointLog] [info] Loading Quasi index
[2019-10-02 14:14:02.737] [jointLog] [info] Loading 32-bit quasi index
[2019-10-02 14:25:25.268] [jointLog] [info] done
[2019-10-02 14:25:25.268] [jointLog] [info] Index contained 233,839 targets
[2019-10-02 14:25:26.266] [jointLog] [info] Automatically detected most likely library type as ISR
[2019-10-02 14:31:20.271] [jointLog] [info] Thread saw mini-batch with a maximum of 1.22% zero probability fragments
[2019-10-02 14:31:20.315] [jointLog] [info] Thread saw mini-batch with a maximum of 1.28% zero probability fragments
[2019-10-02 14:31:20.386] [jointLog] [info] Thread saw mini-batch with a maximum of 1.34% zero probability fragments
[2019-10-02 14:31:20.391] [jointLog] [info] Thread saw mini-batch with a maximum of 1.26% zero probability fragments
[2019-10-02 14:31:20.443] [jointLog] [info] Thread saw mini-batch with a maximum of 1.30% zero probability fragments
[2019-10-02 14:31:20.445] [jointLog] [info] Thread saw mini-batch with a maximum of 1.32% zero probability fragments
[2019-10-02 14:31:20.456] [jointLog] [info] Thread saw mini-batch with a maximum of 1.24% zero probability fragments
[2019-10-02 14:31:20.515] [jointLog] [info] Thread saw mini-batch with a maximum of 1.26% zero probability fragments
[2019-10-02 14:31:20.599] [jointLog] [info] Thread saw mini-batch with a maximum of 1.26% zero probability fragments
[2019-10-02 14:31:20.622] [jointLog] [info] Thread saw mini-batch with a maximum of 1.28% zero probability fragments
[2019-10-02 14:31:21.209] [fileLog] [info] 
At end of round 0
==================
Observed 43460600 total fragments (43460600 in most recent round)

[2019-10-02 14:31:21.207] [jointLog] [info] Computed 751,160 rich equivalence classes for further processing
[2019-10-02 14:31:21.207] [jointLog] [info] Counted 40,295,489 total reads in the equivalence classes 
[2019-10-02 14:31:21.238] [jointLog] [info] Number of mappings discarded because of alignment score : 6,223,723
[2019-10-02 14:31:21.238] [jointLog] [info] Number of fragments entirely discarded because of alignment score : 1,893,608
[2019-10-02 14:31:21.238] [jointLog] [info] Mapping rate = 92.7173%

[2019-10-02 14:31:21.238] [jointLog] [info] finished quantifyLibrary()
[2019-10-02 14:31:21.240] [jointLog] [info] Starting optimizer
[2019-10-02 14:31:21.465] [jointLog] [info] Marked 0 weighted equivalence classes as degenerate
[2019-10-02 14:31:21.493] [jointLog] [info] iteration = 0 | max rel diff. = 3315.76
[2019-10-02 14:31:24.197] [jointLog] [info] iteration = 100 | max rel diff. = 12.8334
[2019-10-02 14:31:26.894] [jointLog] [info] iteration = 200 | max rel diff. = 9.37985
[2019-10-02 14:31:29.575] [jointLog] [info] iteration = 300 | max rel diff. = 1.28066
[2019-10-02 14:31:32.255] [jointLog] [info] iteration = 400 | max rel diff. = 1.40088
[2019-10-02 14:31:34.981] [jointLog] [info] iteration = 500 | max rel diff. = 0.744959
[2019-10-02 14:31:37.771] [jointLog] [info] iteration = 600 | max rel diff. = 0.157586
[2019-10-02 14:31:40.565] [jointLog] [info] iteration = 700 | max rel diff. = 0.0812856
[2019-10-02 14:31:43.358] [jointLog] [info] iteration = 800 | max rel diff. = 0.152551
[2019-10-02 14:31:46.149] [jointLog] [info] iteration = 900 | max rel diff. = 0.0192066
[2019-10-02 14:31:48.948] [jointLog] [info] iteration = 1,000 | max rel diff. = 0.185296
[2019-10-02 14:31:51.779] [jointLog] [info] iteration = 1,100 | max rel diff. = 0.0363623
[2019-10-02 14:31:53.166] [jointLog] [info] iteration = 1,150 | max rel diff. = 0.00466337
[2019-10-02 14:31:53.174] [jointLog] [info] Finished optimizer
[2019-10-02 14:31:53.174] [jointLog] [info] writing output 

