[2019-10-02 14:03:50.596] [jointLog] [info] Fragment incompatibility prior below threshold.  Incompatible fragments will be ignored.
[2019-10-02 14:03:50.596] [jointLog] [info] Usage of --validateMappings implies use of minScoreFraction. Since not explicitly specified, it is being set to 0.65
[2019-10-02 14:03:50.596] [jointLog] [info] Usage of --validateMappings, without --hardFilter implies use of range factorization. rangeFactorizationBins is being set to 4
[2019-10-02 14:03:50.596] [jointLog] [info] Usage of --validateMappings implies a default consensus slack of 0.2. Setting consensusSlack to 0.2.
[2019-10-02 14:03:50.596] [jointLog] [info] parsing read library format
[2019-10-02 14:03:50.597] [jointLog] [info] There is 1 library.
[2019-10-02 14:03:50.699] [jointLog] [info] Loading Quasi index
[2019-10-02 14:03:50.767] [jointLog] [info] Loading 32-bit quasi index
[2019-10-02 14:08:56.633] [jointLog] [info] done
[2019-10-02 14:08:56.633] [jointLog] [info] Index contained 233,839 targets
[2019-10-02 14:08:57.632] [jointLog] [info] Automatically detected most likely library type as ISR
[2019-10-02 14:12:43.431] [jointLog] [info] Thread saw mini-batch with a maximum of 1.58% zero probability fragments
[2019-10-02 14:12:43.560] [jointLog] [info] Thread saw mini-batch with a maximum of 1.52% zero probability fragments
[2019-10-02 14:12:43.620] [jointLog] [info] Thread saw mini-batch with a maximum of 1.60% zero probability fragments
[2019-10-02 14:12:43.688] [jointLog] [info] Thread saw mini-batch with a maximum of 1.40% zero probability fragments
[2019-10-02 14:12:43.698] [jointLog] [info] Thread saw mini-batch with a maximum of 1.42% zero probability fragments
[2019-10-02 14:12:43.747] [jointLog] [info] Thread saw mini-batch with a maximum of 1.60% zero probability fragments
[2019-10-02 14:12:43.793] [jointLog] [info] Thread saw mini-batch with a maximum of 1.42% zero probability fragments
[2019-10-02 14:12:43.849] [jointLog] [info] Thread saw mini-batch with a maximum of 1.52% zero probability fragments
[2019-10-02 14:12:43.857] [jointLog] [info] Thread saw mini-batch with a maximum of 1.52% zero probability fragments
[2019-10-02 14:12:43.878] [jointLog] [info] Thread saw mini-batch with a maximum of 1.46% zero probability fragments
[2019-10-02 14:12:44.386] [fileLog] [info] 
At end of round 0
==================
Observed 25060361 total fragments (25060361 in most recent round)

[2019-10-02 14:12:44.384] [jointLog] [info] Computed 649,810 rich equivalence classes for further processing
[2019-10-02 14:12:44.384] [jointLog] [info] Counted 22,165,746 total reads in the equivalence classes 
[2019-10-02 14:12:44.414] [jointLog] [info] Number of mappings discarded because of alignment score : 4,629,046
[2019-10-02 14:12:44.414] [jointLog] [info] Number of fragments entirely discarded because of alignment score : 2,001,293
[2019-10-02 14:12:44.414] [jointLog] [info] Mapping rate = 88.4494%

[2019-10-02 14:12:44.414] [jointLog] [info] finished quantifyLibrary()
[2019-10-02 14:12:44.418] [jointLog] [info] Starting optimizer
[2019-10-02 14:12:44.610] [jointLog] [info] Marked 0 weighted equivalence classes as degenerate
[2019-10-02 14:12:44.634] [jointLog] [info] iteration = 0 | max rel diff. = 5267.94
[2019-10-02 14:12:47.018] [jointLog] [info] iteration = 100 | max rel diff. = 10.4668
[2019-10-02 14:12:49.411] [jointLog] [info] iteration = 200 | max rel diff. = 12.48
[2019-10-02 14:12:51.778] [jointLog] [info] iteration = 300 | max rel diff. = 1.91846
[2019-10-02 14:12:54.144] [jointLog] [info] iteration = 400 | max rel diff. = 0.817544
[2019-10-02 14:12:56.512] [jointLog] [info] iteration = 500 | max rel diff. = 0.985932
[2019-10-02 14:12:58.884] [jointLog] [info] iteration = 600 | max rel diff. = 0.2111
[2019-10-02 14:13:01.262] [jointLog] [info] iteration = 700 | max rel diff. = 0.0887125
[2019-10-02 14:13:03.629] [jointLog] [info] iteration = 800 | max rel diff. = 10.4618
[2019-10-02 14:13:06.040] [jointLog] [info] iteration = 900 | max rel diff. = 0.019672
[2019-10-02 14:13:08.495] [jointLog] [info] iteration = 1,000 | max rel diff. = 0.313386
[2019-10-02 14:13:10.872] [jointLog] [info] iteration = 1,100 | max rel diff. = 0.0248081
[2019-10-02 14:13:13.239] [jointLog] [info] iteration = 1,200 | max rel diff. = 0.0371158
[2019-10-02 14:13:15.605] [jointLog] [info] iteration = 1,300 | max rel diff. = 5.77608
[2019-10-02 14:13:17.972] [jointLog] [info] iteration = 1,400 | max rel diff. = 0.0214609
[2019-10-02 14:13:20.337] [jointLog] [info] iteration = 1,500 | max rel diff. = 0.0208916
[2019-10-02 14:13:22.703] [jointLog] [info] iteration = 1,600 | max rel diff. = 0.311249
[2019-10-02 14:13:22.916] [jointLog] [info] iteration = 1,610 | max rel diff. = 0.00941838
[2019-10-02 14:13:22.923] [jointLog] [info] Finished optimizer
[2019-10-02 14:13:22.923] [jointLog] [info] writing output 

