[2021-02-08 15:56:31.446] [jointLog] [info] Fragment incompatibility prior below threshold.  Incompatible fragments will be ignored.
[2021-02-08 15:56:31.446] [jointLog] [info] Usage of --validateMappings implies use of minScoreFraction. Since not explicitly specified, it is being set to 0.65
[2021-02-08 15:56:31.446] [jointLog] [info] Usage of --validateMappings, without --hardFilter implies use of range factorization. rangeFactorizationBins is being set to 4
[2021-02-08 15:56:31.447] [jointLog] [info] Usage of --validateMappings implies a default consensus slack of 0.2. Setting consensusSlack to 0.2.
[2021-02-08 15:56:31.447] [jointLog] [info] parsing read library format
[2021-02-08 15:56:31.447] [jointLog] [info] There is 1 library.
[2021-02-08 15:56:31.687] [jointLog] [info] Loading Quasi index
[2021-02-08 15:56:31.694] [jointLog] [info] Loading 32-bit quasi index
[2021-02-08 15:56:49.685] [jointLog] [info] done
[2021-02-08 15:56:49.685] [jointLog] [info] Index contained 198,540 targets
[2021-02-08 15:56:51.062] [jointLog] [info] Automatically detected most likely library type as ISR
[2021-02-08 16:01:33.935] [jointLog] [info] Thread saw mini-batch with a maximum of 1.34% zero probability fragments
[2021-02-08 16:01:34.005] [jointLog] [info] Thread saw mini-batch with a maximum of 1.28% zero probability fragments
[2021-02-08 16:01:34.013] [jointLog] [info] Thread saw mini-batch with a maximum of 1.30% zero probability fragments
[2021-02-08 16:01:34.083] [jointLog] [info] Thread saw mini-batch with a maximum of 1.24% zero probability fragments
[2021-02-08 16:01:34.089] [jointLog] [info] Thread saw mini-batch with a maximum of 1.30% zero probability fragments
[2021-02-08 16:01:34.124] [jointLog] [info] Thread saw mini-batch with a maximum of 1.24% zero probability fragments
[2021-02-08 16:01:34.139] [jointLog] [info] Thread saw mini-batch with a maximum of 1.28% zero probability fragments
[2021-02-08 16:01:34.163] [jointLog] [info] Thread saw mini-batch with a maximum of 1.44% zero probability fragments
[2021-02-08 16:01:34.189] [jointLog] [info] Thread saw mini-batch with a maximum of 1.30% zero probability fragments
[2021-02-08 16:01:34.291] [jointLog] [info] Thread saw mini-batch with a maximum of 1.24% zero probability fragments
[2021-02-08 16:01:34.867] [jointLog] [info] Computed 566,935 rich equivalence classes for further processing
[2021-02-08 16:01:34.867] [jointLog] [info] Counted 23,377,074 total reads in the equivalence classes 
[2021-02-08 16:01:34.891] [jointLog] [info] Number of mappings discarded because of alignment score : 2,902,222
[2021-02-08 16:01:34.891] [jointLog] [info] Number of fragments entirely discarded because of alignment score : 2,565,473
[2021-02-08 16:01:34.891] [jointLog] [info] Mapping rate = 80.2442%

[2021-02-08 16:01:34.891] [jointLog] [info] finished quantifyLibrary()
[2021-02-08 16:01:34.894] [jointLog] [info] Starting optimizer
[2021-02-08 16:01:35.063] [jointLog] [info] Marked 0 weighted equivalence classes as degenerate
[2021-02-08 16:01:35.083] [jointLog] [info] iteration = 0 | max rel diff. = 6152.44
[2021-02-08 16:01:34.869] [fileLog] [info] 
At end of round 0
==================
Observed 29132416 total fragments (29132416 in most recent round)

[2021-02-08 16:01:36.725] [jointLog] [info] iteration = 100 | max rel diff. = 13.1581
[2021-02-08 16:01:38.266] [jointLog] [info] iteration = 200 | max rel diff. = 5.63439
[2021-02-08 16:01:39.805] [jointLog] [info] iteration = 300 | max rel diff. = 0.495174
[2021-02-08 16:01:41.327] [jointLog] [info] iteration = 400 | max rel diff. = 0.330291
[2021-02-08 16:01:42.915] [jointLog] [info] iteration = 500 | max rel diff. = 1.88444
[2021-02-08 16:01:44.388] [jointLog] [info] iteration = 600 | max rel diff. = 2.42947
[2021-02-08 16:01:45.836] [jointLog] [info] iteration = 700 | max rel diff. = 0.0583902
[2021-02-08 16:01:47.252] [jointLog] [info] iteration = 800 | max rel diff. = 5.16841
[2021-02-08 16:01:48.660] [jointLog] [info] iteration = 900 | max rel diff. = 0.0518207
[2021-02-08 16:01:50.074] [jointLog] [info] iteration = 1,000 | max rel diff. = 0.0987884
[2021-02-08 16:01:51.481] [jointLog] [info] iteration = 1,100 | max rel diff. = 1.55608
[2021-02-08 16:01:52.910] [jointLog] [info] iteration = 1,200 | max rel diff. = 0.0239616
[2021-02-08 16:01:54.322] [jointLog] [info] iteration = 1,300 | max rel diff. = 0.0370192
[2021-02-08 16:01:54.622] [jointLog] [info] iteration = 1,322 | max rel diff. = 0.00547161
[2021-02-08 16:01:54.628] [jointLog] [info] Finished optimizer
[2021-02-08 16:01:54.628] [jointLog] [info] writing output 

