[2019-10-02 14:03:50.781] [jointLog] [info] Fragment incompatibility prior below threshold.  Incompatible fragments will be ignored.
[2019-10-02 14:03:50.781] [jointLog] [info] Usage of --validateMappings implies use of minScoreFraction. Since not explicitly specified, it is being set to 0.65
[2019-10-02 14:03:50.781] [jointLog] [info] Usage of --validateMappings, without --hardFilter implies use of range factorization. rangeFactorizationBins is being set to 4
[2019-10-02 14:03:50.782] [jointLog] [info] Usage of --validateMappings implies a default consensus slack of 0.2. Setting consensusSlack to 0.2.
[2019-10-02 14:03:50.782] [jointLog] [info] parsing read library format
[2019-10-02 14:03:50.782] [jointLog] [info] There is 1 library.
[2019-10-02 14:03:50.872] [jointLog] [info] Loading Quasi index
[2019-10-02 14:03:50.874] [jointLog] [info] Loading 32-bit quasi index
[2019-10-02 14:10:06.352] [jointLog] [info] done
[2019-10-02 14:10:06.352] [jointLog] [info] Index contained 233,839 targets
[2019-10-02 14:10:07.559] [jointLog] [info] Automatically detected most likely library type as ISR
[2019-10-02 14:14:13.875] [jointLog] [info] Thread saw mini-batch with a maximum of 1.16% zero probability fragments
[2019-10-02 14:14:13.883] [jointLog] [info] Thread saw mini-batch with a maximum of 1.26% zero probability fragments
[2019-10-02 14:14:13.935] [jointLog] [info] Thread saw mini-batch with a maximum of 1.40% zero probability fragments
[2019-10-02 14:14:13.978] [jointLog] [info] Thread saw mini-batch with a maximum of 1.18% zero probability fragments
[2019-10-02 14:14:13.981] [jointLog] [info] Thread saw mini-batch with a maximum of 1.30% zero probability fragments
[2019-10-02 14:14:14.046] [jointLog] [info] Thread saw mini-batch with a maximum of 1.22% zero probability fragments
[2019-10-02 14:14:14.120] [jointLog] [info] Thread saw mini-batch with a maximum of 1.18% zero probability fragments
[2019-10-02 14:14:14.138] [jointLog] [info] Thread saw mini-batch with a maximum of 1.18% zero probability fragments
[2019-10-02 14:14:14.140] [jointLog] [info] Thread saw mini-batch with a maximum of 1.28% zero probability fragments
[2019-10-02 14:14:14.249] [jointLog] [info] Thread saw mini-batch with a maximum of 1.36% zero probability fragments
[2019-10-02 14:14:14.896] [jointLog] [info] Computed 595,274 rich equivalence classes for further processing
[2019-10-02 14:14:14.896] [jointLog] [info] Counted 22,330,772 total reads in the equivalence classes 
[2019-10-02 14:14:14.920] [jointLog] [info] Number of mappings discarded because of alignment score : 3,704,619
[2019-10-02 14:14:14.920] [jointLog] [info] Number of fragments entirely discarded because of alignment score : 1,233,703
[2019-10-02 14:14:14.920] [jointLog] [info] Mapping rate = 92.1204%

[2019-10-02 14:14:14.920] [jointLog] [info] finished quantifyLibrary()
[2019-10-02 14:14:14.922] [jointLog] [info] Starting optimizer
[2019-10-02 14:14:14.897] [fileLog] [info] 
At end of round 0
==================
Observed 24240864 total fragments (24240864 in most recent round)

[2019-10-02 14:14:15.157] [jointLog] [info] Marked 0 weighted equivalence classes as degenerate
[2019-10-02 14:14:15.182] [jointLog] [info] iteration = 0 | max rel diff. = 5258.94
[2019-10-02 14:14:17.551] [jointLog] [info] iteration = 100 | max rel diff. = 11.9812
[2019-10-02 14:14:19.918] [jointLog] [info] iteration = 200 | max rel diff. = 9.17448
[2019-10-02 14:14:22.285] [jointLog] [info] iteration = 300 | max rel diff. = 15.2806
[2019-10-02 14:14:24.651] [jointLog] [info] iteration = 400 | max rel diff. = 1.19786
[2019-10-02 14:14:27.016] [jointLog] [info] iteration = 500 | max rel diff. = 3.09208
[2019-10-02 14:14:29.388] [jointLog] [info] iteration = 600 | max rel diff. = 4.13397
[2019-10-02 14:14:31.752] [jointLog] [info] iteration = 700 | max rel diff. = 0.498808
[2019-10-02 14:14:34.099] [jointLog] [info] iteration = 800 | max rel diff. = 0.0693558
[2019-10-02 14:14:36.466] [jointLog] [info] iteration = 900 | max rel diff. = 0.0887798
[2019-10-02 14:14:38.831] [jointLog] [info] iteration = 1,000 | max rel diff. = 0.0121618
[2019-10-02 14:14:41.197] [jointLog] [info] iteration = 1,100 | max rel diff. = 0.0827588
[2019-10-02 14:14:43.562] [jointLog] [info] iteration = 1,200 | max rel diff. = 0.0196538
[2019-10-02 14:14:45.927] [jointLog] [info] iteration = 1,300 | max rel diff. = 0.101366
[2019-10-02 14:14:48.313] [jointLog] [info] iteration = 1,400 | max rel diff. = 0.0204647
[2019-10-02 14:14:50.628] [jointLog] [info] iteration = 1,500 | max rel diff. = 0.0709291
[2019-10-02 14:14:51.751] [jointLog] [info] iteration = 1,553 | max rel diff. = 0.00410555
[2019-10-02 14:14:51.757] [jointLog] [info] Finished optimizer
[2019-10-02 14:14:51.757] [jointLog] [info] writing output 

