[2019-08-13 10:59:56.221] [jointLog] [info] Fragment incompatibility prior below threshold.  Incompatible fragments will be ignored.
[2019-08-13 10:59:56.222] [jointLog] [info] Usage of --validateMappings implies use of minScoreFraction. Since not explicitly specified, it is being set to 0.65
[2019-08-13 10:59:56.222] [jointLog] [info] Usage of --validateMappings, without --hardFilter implies use of range factorization. rangeFactorizationBins is being set to 4
[2019-08-13 10:59:56.222] [jointLog] [info] Usage of --validateMappings implies a default consensus slack of 0.2. Setting consensusSlack to 0.2.
[2019-08-13 10:59:56.222] [jointLog] [info] parsing read library format
[2019-08-13 10:59:56.222] [jointLog] [info] There is 1 library.
[2019-08-13 10:59:56.320] [jointLog] [info] Loading Quasi index
[2019-08-13 10:59:56.323] [jointLog] [info] Loading 32-bit quasi index
[2019-08-13 11:03:18.350] [jointLog] [info] done
[2019-08-13 11:03:18.350] [jointLog] [info] Index contained 233,839 targets
[2019-08-13 11:03:19.777] [jointLog] [info] Automatically detected most likely library type as ISR
[2019-08-13 11:13:09.637] [jointLog] [info] Thread saw mini-batch with a maximum of 2.64% zero probability fragments
[2019-08-13 11:13:09.847] [jointLog] [info] Thread saw mini-batch with a maximum of 2.38% zero probability fragments
[2019-08-13 11:13:09.940] [jointLog] [info] Thread saw mini-batch with a maximum of 2.42% zero probability fragments
[2019-08-13 11:13:10.033] [jointLog] [info] Thread saw mini-batch with a maximum of 2.36% zero probability fragments
[2019-08-13 11:13:10.058] [jointLog] [info] Thread saw mini-batch with a maximum of 2.34% zero probability fragments
[2019-08-13 11:13:10.082] [jointLog] [info] Thread saw mini-batch with a maximum of 2.32% zero probability fragments
[2019-08-13 11:13:10.090] [jointLog] [info] Thread saw mini-batch with a maximum of 2.24% zero probability fragments
[2019-08-13 11:13:10.101] [jointLog] [info] Thread saw mini-batch with a maximum of 2.30% zero probability fragments
[2019-08-13 11:13:10.162] [jointLog] [info] Thread saw mini-batch with a maximum of 2.32% zero probability fragments
[2019-08-13 11:13:10.172] [jointLog] [info] Thread saw mini-batch with a maximum of 2.64% zero probability fragments
[2019-08-13 11:13:10.799] [jointLog] [info] Computed 908,367 rich equivalence classes for further processing
[2019-08-13 11:13:10.799] [jointLog] [info] Counted 35,708,406 total reads in the equivalence classes 
[2019-08-13 11:13:10.830] [jointLog] [info] Number of mappings discarded because of alignment score : 17,029,548
[2019-08-13 11:13:10.830] [jointLog] [info] Number of fragments entirely discarded because of alignment score : 7,203,021
[2019-08-13 11:13:10.830] [jointLog] [info] Mapping rate = 78.3412%

[2019-08-13 11:13:10.830] [jointLog] [info] finished quantifyLibrary()
[2019-08-13 11:13:10.832] [jointLog] [info] Starting optimizer
[2019-08-13 11:13:11.070] [jointLog] [info] Marked 0 weighted equivalence classes as degenerate
[2019-08-13 11:13:11.106] [jointLog] [info] iteration = 0 | max rel diff. = 4311.56
[2019-08-13 11:13:10.800] [fileLog] [info] 
At end of round 0
==================
Observed 45580606 total fragments (45580606 in most recent round)

[2019-08-13 11:13:14.734] [jointLog] [info] iteration = 100 | max rel diff. = 16.6665
[2019-08-13 11:13:18.353] [jointLog] [info] iteration = 200 | max rel diff. = 3.6856
[2019-08-13 11:13:21.967] [jointLog] [info] iteration = 300 | max rel diff. = 6.63088
[2019-08-13 11:13:25.575] [jointLog] [info] iteration = 400 | max rel diff. = 0.492595
[2019-08-13 11:13:29.181] [jointLog] [info] iteration = 500 | max rel diff. = 0.527047
[2019-08-13 11:13:32.791] [jointLog] [info] iteration = 600 | max rel diff. = 0.0844431
[2019-08-13 11:13:36.407] [jointLog] [info] iteration = 700 | max rel diff. = 0.15219
[2019-08-13 11:13:40.015] [jointLog] [info] iteration = 800 | max rel diff. = 0.11161
[2019-08-13 11:13:43.614] [jointLog] [info] iteration = 900 | max rel diff. = 0.0802771
[2019-08-13 11:13:47.221] [jointLog] [info] iteration = 1,000 | max rel diff. = 0.103872
[2019-08-13 11:13:50.830] [jointLog] [info] iteration = 1,100 | max rel diff. = 0.0554561
[2019-08-13 11:13:54.438] [jointLog] [info] iteration = 1,200 | max rel diff. = 0.192753
[2019-08-13 11:13:55.954] [jointLog] [info] iteration = 1,243 | max rel diff. = 0.00866283
[2019-08-13 11:13:55.961] [jointLog] [info] Finished optimizer
[2019-08-13 11:13:55.961] [jointLog] [info] writing output 

