[2019-08-13 10:44:16.474] [jointLog] [info] Fragment incompatibility prior below threshold.  Incompatible fragments will be ignored.
[2019-08-13 10:44:16.476] [jointLog] [info] Usage of --validateMappings implies use of minScoreFraction. Since not explicitly specified, it is being set to 0.65
[2019-08-13 10:44:16.476] [jointLog] [info] Usage of --validateMappings, without --hardFilter implies use of range factorization. rangeFactorizationBins is being set to 4
[2019-08-13 10:44:16.478] [jointLog] [info] Usage of --validateMappings implies a default consensus slack of 0.2. Setting consensusSlack to 0.2.
[2019-08-13 10:44:16.478] [jointLog] [info] parsing read library format
[2019-08-13 10:44:16.478] [jointLog] [info] There is 1 library.
[2019-08-13 10:44:16.622] [jointLog] [info] Loading Quasi index
[2019-08-13 10:44:16.636] [jointLog] [info] Loading 32-bit quasi index
[2019-08-13 10:59:22.249] [jointLog] [info] done
[2019-08-13 10:59:22.249] [jointLog] [info] Index contained 233,839 targets
[2019-08-13 10:59:23.381] [jointLog] [info] Automatically detected most likely library type as ISR
[2019-08-13 11:16:15.640] [jointLog] [info] Thread saw mini-batch with a maximum of 2.30% zero probability fragments
[2019-08-13 11:16:15.722] [jointLog] [info] Thread saw mini-batch with a maximum of 2.22% zero probability fragments
[2019-08-13 11:16:15.789] [jointLog] [info] Thread saw mini-batch with a maximum of 2.30% zero probability fragments
[2019-08-13 11:16:15.833] [jointLog] [info] Thread saw mini-batch with a maximum of 2.22% zero probability fragments
[2019-08-13 11:16:15.989] [jointLog] [info] Thread saw mini-batch with a maximum of 2.34% zero probability fragments
[2019-08-13 11:16:15.994] [jointLog] [info] Thread saw mini-batch with a maximum of 2.28% zero probability fragments
[2019-08-13 11:16:16.044] [jointLog] [info] Thread saw mini-batch with a maximum of 2.22% zero probability fragments
[2019-08-13 11:16:16.241] [jointLog] [info] Thread saw mini-batch with a maximum of 2.14% zero probability fragments
[2019-08-13 11:16:16.248] [jointLog] [info] Thread saw mini-batch with a maximum of 2.16% zero probability fragments
[2019-08-13 11:16:16.315] [jointLog] [info] Thread saw mini-batch with a maximum of 2.20% zero probability fragments
[2019-08-13 11:16:17.579] [fileLog] [info] 
At end of round 0
==================
Observed 74799167 total fragments (74799167 in most recent round)

[2019-08-13 11:16:17.578] [jointLog] [info] Computed 1,055,390 rich equivalence classes for further processing
[2019-08-13 11:16:17.578] [jointLog] [info] Counted 55,602,510 total reads in the equivalence classes 
[2019-08-13 11:16:17.614] [jointLog] [info] Number of mappings discarded because of alignment score : 23,984,752
[2019-08-13 11:16:17.614] [jointLog] [info] Number of fragments entirely discarded because of alignment score : 15,287,350
[2019-08-13 11:16:17.614] [jointLog] [info] Mapping rate = 74.3357%

[2019-08-13 11:16:17.614] [jointLog] [info] finished quantifyLibrary()
[2019-08-13 11:16:17.616] [jointLog] [info] Starting optimizer
[2019-08-13 11:16:17.899] [jointLog] [info] Marked 0 weighted equivalence classes as degenerate
[2019-08-13 11:16:17.934] [jointLog] [info] iteration = 0 | max rel diff. = 110.544
[2019-08-13 11:16:21.530] [jointLog] [info] iteration = 100 | max rel diff. = 14.4929
[2019-08-13 11:16:25.130] [jointLog] [info] iteration = 200 | max rel diff. = 11.2352
[2019-08-13 11:16:28.722] [jointLog] [info] iteration = 300 | max rel diff. = 1.74753
[2019-08-13 11:16:32.290] [jointLog] [info] iteration = 400 | max rel diff. = 3.27204
[2019-08-13 11:16:35.868] [jointLog] [info] iteration = 500 | max rel diff. = 0.121694
[2019-08-13 11:16:39.415] [jointLog] [info] iteration = 600 | max rel diff. = 10.9435
[2019-08-13 11:16:42.932] [jointLog] [info] iteration = 700 | max rel diff. = 0.283089
[2019-08-13 11:16:46.443] [jointLog] [info] iteration = 800 | max rel diff. = 0.463342
[2019-08-13 11:16:49.929] [jointLog] [info] iteration = 900 | max rel diff. = 13.9788
[2019-08-13 11:16:53.415] [jointLog] [info] iteration = 1,000 | max rel diff. = 0.512229
[2019-08-13 11:16:56.951] [jointLog] [info] iteration = 1,100 | max rel diff. = 0.0567188
[2019-08-13 11:17:00.432] [jointLog] [info] iteration = 1,200 | max rel diff. = 0.172757
[2019-08-13 11:17:03.898] [jointLog] [info] iteration = 1,300 | max rel diff. = 0.016035
[2019-08-13 11:17:06.705] [jointLog] [info] iteration = 1,382 | max rel diff. = 0.00751027
[2019-08-13 11:17:06.710] [jointLog] [info] Finished optimizer
[2019-08-13 11:17:06.710] [jointLog] [info] writing output 

