[2019-08-13 10:43:43.842] [jointLog] [info] Fragment incompatibility prior below threshold.  Incompatible fragments will be ignored.
[2019-08-13 10:43:43.844] [jointLog] [info] Usage of --validateMappings implies use of minScoreFraction. Since not explicitly specified, it is being set to 0.65
[2019-08-13 10:43:43.844] [jointLog] [info] Usage of --validateMappings, without --hardFilter implies use of range factorization. rangeFactorizationBins is being set to 4
[2019-08-13 10:43:43.845] [jointLog] [info] Usage of --validateMappings implies a default consensus slack of 0.2. Setting consensusSlack to 0.2.
[2019-08-13 10:43:43.845] [jointLog] [info] parsing read library format
[2019-08-13 10:43:43.845] [jointLog] [info] There is 1 library.
[2019-08-13 10:43:43.985] [jointLog] [info] Loading Quasi index
[2019-08-13 10:43:43.995] [jointLog] [info] Loading 32-bit quasi index
[2019-08-13 10:58:34.000] [jointLog] [info] done
[2019-08-13 10:58:34.000] [jointLog] [info] Index contained 233,839 targets
[2019-08-13 10:58:35.108] [jointLog] [info] Automatically detected most likely library type as ISR
[2019-08-13 11:08:09.242] [jointLog] [info] Thread saw mini-batch with a maximum of 2.44% zero probability fragments
[2019-08-13 11:08:09.338] [jointLog] [info] Thread saw mini-batch with a maximum of 2.20% zero probability fragments
[2019-08-13 11:08:09.442] [jointLog] [info] Thread saw mini-batch with a maximum of 2.42% zero probability fragments
[2019-08-13 11:08:09.521] [jointLog] [info] Thread saw mini-batch with a maximum of 2.20% zero probability fragments
[2019-08-13 11:08:09.541] [jointLog] [info] Thread saw mini-batch with a maximum of 2.28% zero probability fragments
[2019-08-13 11:08:09.544] [jointLog] [info] Thread saw mini-batch with a maximum of 2.32% zero probability fragments
[2019-08-13 11:08:09.649] [jointLog] [info] Thread saw mini-batch with a maximum of 2.46% zero probability fragments
[2019-08-13 11:08:09.809] [jointLog] [info] Thread saw mini-batch with a maximum of 2.28% zero probability fragments
[2019-08-13 11:08:09.820] [jointLog] [info] Thread saw mini-batch with a maximum of 2.24% zero probability fragments
[2019-08-13 11:08:09.827] [jointLog] [info] Thread saw mini-batch with a maximum of 2.34% zero probability fragments
[2019-08-13 11:08:10.430] [jointLog] [info] Computed 863,527 rich equivalence classes for further processing
[2019-08-13 11:08:10.430] [jointLog] [info] Counted 33,948,423 total reads in the equivalence classes 
[2019-08-13 11:08:10.458] [jointLog] [info] Number of mappings discarded because of alignment score : 13,736,211
[2019-08-13 11:08:10.458] [jointLog] [info] Number of fragments entirely discarded because of alignment score : 8,076,430
[2019-08-13 11:08:10.458] [jointLog] [info] Mapping rate = 76.0128%

[2019-08-13 11:08:10.458] [jointLog] [info] finished quantifyLibrary()
[2019-08-13 11:08:10.460] [jointLog] [info] Starting optimizer
[2019-08-13 11:08:10.432] [fileLog] [info] 
At end of round 0
==================
Observed 44661451 total fragments (44661451 in most recent round)

[2019-08-13 11:08:10.699] [jointLog] [info] Marked 0 weighted equivalence classes as degenerate
[2019-08-13 11:08:10.734] [jointLog] [info] iteration = 0 | max rel diff. = 4651.94
[2019-08-13 11:08:14.119] [jointLog] [info] iteration = 100 | max rel diff. = 17.6885
[2019-08-13 11:08:17.507] [jointLog] [info] iteration = 200 | max rel diff. = 5.39017
[2019-08-13 11:08:20.965] [jointLog] [info] iteration = 300 | max rel diff. = 1.47159
[2019-08-13 11:08:24.432] [jointLog] [info] iteration = 400 | max rel diff. = 14.0994
[2019-08-13 11:08:27.926] [jointLog] [info] iteration = 500 | max rel diff. = 1.5128
[2019-08-13 11:08:31.395] [jointLog] [info] iteration = 600 | max rel diff. = 0.104487
[2019-08-13 11:08:34.839] [jointLog] [info] iteration = 700 | max rel diff. = 0.0626289
[2019-08-13 11:08:38.284] [jointLog] [info] iteration = 800 | max rel diff. = 0.630972
[2019-08-13 11:08:41.730] [jointLog] [info] iteration = 900 | max rel diff. = 0.316491
[2019-08-13 11:08:45.173] [jointLog] [info] iteration = 1,000 | max rel diff. = 0.0347323
[2019-08-13 11:08:48.618] [jointLog] [info] iteration = 1,100 | max rel diff. = 0.0272088
[2019-08-13 11:08:52.060] [jointLog] [info] iteration = 1,200 | max rel diff. = 0.129949
[2019-08-13 11:08:53.403] [jointLog] [info] iteration = 1,240 | max rel diff. = 0.00974833
[2019-08-13 11:08:53.409] [jointLog] [info] Finished optimizer
[2019-08-13 11:08:53.409] [jointLog] [info] writing output 

