[2019-10-02 14:14:33.984] [jointLog] [info] Fragment incompatibility prior below threshold.  Incompatible fragments will be ignored.
[2019-10-02 14:14:33.984] [jointLog] [info] Usage of --validateMappings implies use of minScoreFraction. Since not explicitly specified, it is being set to 0.65
[2019-10-02 14:14:33.984] [jointLog] [info] Usage of --validateMappings, without --hardFilter implies use of range factorization. rangeFactorizationBins is being set to 4
[2019-10-02 14:14:33.985] [jointLog] [info] Usage of --validateMappings implies a default consensus slack of 0.2. Setting consensusSlack to 0.2.
[2019-10-02 14:14:33.985] [jointLog] [info] parsing read library format
[2019-10-02 14:14:33.985] [jointLog] [info] There is 1 library.
[2019-10-02 14:14:34.064] [jointLog] [info] Loading Quasi index
[2019-10-02 14:14:34.065] [jointLog] [info] Loading 32-bit quasi index
[2019-10-02 14:27:40.825] [jointLog] [info] done
[2019-10-02 14:27:40.825] [jointLog] [info] Index contained 233,839 targets
[2019-10-02 14:27:41.720] [jointLog] [info] Automatically detected most likely library type as ISR
[2019-10-02 14:34:17.891] [jointLog] [info] Thread saw mini-batch with a maximum of 1.22% zero probability fragments
[2019-10-02 14:34:17.897] [jointLog] [info] Thread saw mini-batch with a maximum of 1.20% zero probability fragments
[2019-10-02 14:34:17.964] [jointLog] [info] Thread saw mini-batch with a maximum of 1.28% zero probability fragments
[2019-10-02 14:34:17.973] [jointLog] [info] Thread saw mini-batch with a maximum of 1.26% zero probability fragments
[2019-10-02 14:34:18.042] [jointLog] [info] Thread saw mini-batch with a maximum of 1.22% zero probability fragments
[2019-10-02 14:34:18.051] [jointLog] [info] Thread saw mini-batch with a maximum of 1.18% zero probability fragments
[2019-10-02 14:34:18.102] [jointLog] [info] Thread saw mini-batch with a maximum of 1.12% zero probability fragments
[2019-10-02 14:34:18.190] [jointLog] [info] Thread saw mini-batch with a maximum of 1.24% zero probability fragments
[2019-10-02 14:34:18.281] [jointLog] [info] Thread saw mini-batch with a maximum of 1.24% zero probability fragments
[2019-10-02 14:34:18.306] [jointLog] [info] Thread saw mini-batch with a maximum of 1.18% zero probability fragments
[2019-10-02 14:34:19.018] [jointLog] [info] Computed 742,831 rich equivalence classes for further processing
[2019-10-02 14:34:19.018] [jointLog] [info] Counted 37,713,818 total reads in the equivalence classes 
[2019-10-02 14:34:19.047] [jointLog] [info] Number of mappings discarded because of alignment score : 5,950,438
[2019-10-02 14:34:19.047] [jointLog] [info] Number of fragments entirely discarded because of alignment score : 1,853,845
[2019-10-02 14:34:19.047] [jointLog] [info] Mapping rate = 92.5465%

[2019-10-02 14:34:19.047] [jointLog] [info] finished quantifyLibrary()
[2019-10-02 14:34:19.050] [jointLog] [info] Starting optimizer
[2019-10-02 14:34:19.020] [fileLog] [info] 
At end of round 0
==================
Observed 40751194 total fragments (40751194 in most recent round)

[2019-10-02 14:34:19.276] [jointLog] [info] Marked 0 weighted equivalence classes as degenerate
[2019-10-02 14:34:19.299] [jointLog] [info] iteration = 0 | max rel diff. = 3943.47
[2019-10-02 14:34:21.533] [jointLog] [info] iteration = 100 | max rel diff. = 13.2128
[2019-10-02 14:34:23.767] [jointLog] [info] iteration = 200 | max rel diff. = 8.12217
[2019-10-02 14:34:26.002] [jointLog] [info] iteration = 300 | max rel diff. = 3.01606
[2019-10-02 14:34:28.239] [jointLog] [info] iteration = 400 | max rel diff. = 0.90093
[2019-10-02 14:34:30.477] [jointLog] [info] iteration = 500 | max rel diff. = 13.5513
[2019-10-02 14:34:32.735] [jointLog] [info] iteration = 600 | max rel diff. = 0.402203
[2019-10-02 14:34:34.969] [jointLog] [info] iteration = 700 | max rel diff. = 0.172759
[2019-10-02 14:34:37.211] [jointLog] [info] iteration = 800 | max rel diff. = 0.0194454
[2019-10-02 14:34:38.521] [jointLog] [info] iteration = 860 | max rel diff. = 0.006001
[2019-10-02 14:34:38.527] [jointLog] [info] Finished optimizer
[2019-10-02 14:34:38.527] [jointLog] [info] writing output 

