[2021-02-08 15:56:31.574] [jointLog] [info] Fragment incompatibility prior below threshold.  Incompatible fragments will be ignored.
[2021-02-08 15:56:31.575] [jointLog] [info] Usage of --validateMappings implies use of minScoreFraction. Since not explicitly specified, it is being set to 0.65
[2021-02-08 15:56:31.575] [jointLog] [info] Usage of --validateMappings, without --hardFilter implies use of range factorization. rangeFactorizationBins is being set to 4
[2021-02-08 15:56:31.575] [jointLog] [info] Usage of --validateMappings implies a default consensus slack of 0.2. Setting consensusSlack to 0.2.
[2021-02-08 15:56:31.575] [jointLog] [info] parsing read library format
[2021-02-08 15:56:31.575] [jointLog] [info] There is 1 library.
[2021-02-08 15:56:31.762] [jointLog] [info] Loading Quasi index
[2021-02-08 15:56:31.763] [jointLog] [info] Loading 32-bit quasi index
[2021-02-08 15:57:24.903] [jointLog] [info] done
[2021-02-08 15:57:24.903] [jointLog] [info] Index contained 198,540 targets
[2021-02-08 15:57:26.181] [jointLog] [info] Automatically detected most likely library type as ISR
[2021-02-08 16:00:42.783] [jointLog] [info] Thread saw mini-batch with a maximum of 1.26% zero probability fragments
[2021-02-08 16:00:42.803] [jointLog] [info] Thread saw mini-batch with a maximum of 1.28% zero probability fragments
[2021-02-08 16:00:42.835] [jointLog] [info] Thread saw mini-batch with a maximum of 1.22% zero probability fragments
[2021-02-08 16:00:42.971] [jointLog] [info] Thread saw mini-batch with a maximum of 1.18% zero probability fragments
[2021-02-08 16:00:43.007] [jointLog] [info] Thread saw mini-batch with a maximum of 1.32% zero probability fragments
[2021-02-08 16:00:43.015] [jointLog] [info] Thread saw mini-batch with a maximum of 1.24% zero probability fragments
[2021-02-08 16:00:43.055] [jointLog] [info] Thread saw mini-batch with a maximum of 1.16% zero probability fragments
[2021-02-08 16:00:43.072] [jointLog] [info] Thread saw mini-batch with a maximum of 1.12% zero probability fragments
[2021-02-08 16:00:43.072] [jointLog] [info] Thread saw mini-batch with a maximum of 1.18% zero probability fragments
[2021-02-08 16:00:43.096] [jointLog] [info] Thread saw mini-batch with a maximum of 1.22% zero probability fragments
[2021-02-08 16:00:43.763] [fileLog] [info] 
At end of round 0
==================
Observed 27722914 total fragments (27722914 in most recent round)

[2021-02-08 16:00:43.762] [jointLog] [info] Computed 551,610 rich equivalence classes for further processing
[2021-02-08 16:00:43.762] [jointLog] [info] Counted 23,373,636 total reads in the equivalence classes 
[2021-02-08 16:00:43.788] [jointLog] [info] Number of mappings discarded because of alignment score : 2,540,934
[2021-02-08 16:00:43.788] [jointLog] [info] Number of fragments entirely discarded because of alignment score : 1,841,338
[2021-02-08 16:00:43.788] [jointLog] [info] Mapping rate = 84.3116%

[2021-02-08 16:00:43.788] [jointLog] [info] finished quantifyLibrary()
[2021-02-08 16:00:43.791] [jointLog] [info] Starting optimizer
[2021-02-08 16:00:47.940] [jointLog] [info] Marked 0 weighted equivalence classes as degenerate
[2021-02-08 16:00:47.960] [jointLog] [info] iteration = 0 | max rel diff. = 6230.05
[2021-02-08 16:00:49.735] [jointLog] [info] iteration = 100 | max rel diff. = 18.437
[2021-02-08 16:00:51.487] [jointLog] [info] iteration = 200 | max rel diff. = 6.77555
[2021-02-08 16:00:53.214] [jointLog] [info] iteration = 300 | max rel diff. = 5.08159
[2021-02-08 16:00:54.883] [jointLog] [info] iteration = 400 | max rel diff. = 2.73878
[2021-02-08 16:00:56.578] [jointLog] [info] iteration = 500 | max rel diff. = 0.167204
[2021-02-08 16:00:58.204] [jointLog] [info] iteration = 600 | max rel diff. = 1.29945
[2021-02-08 16:00:59.850] [jointLog] [info] iteration = 700 | max rel diff. = 0.167789
[2021-02-08 16:01:01.491] [jointLog] [info] iteration = 800 | max rel diff. = 0.135697
[2021-02-08 16:01:03.198] [jointLog] [info] iteration = 900 | max rel diff. = 0.0851841
[2021-02-08 16:01:04.816] [jointLog] [info] iteration = 1,000 | max rel diff. = 7.46841
[2021-02-08 16:01:06.026] [jointLog] [info] iteration = 1,074 | max rel diff. = 0.0094014
[2021-02-08 16:01:06.032] [jointLog] [info] Finished optimizer
[2021-02-08 16:01:06.032] [jointLog] [info] writing output 

