[2019-08-13 10:59:37.007] [jointLog] [info] Fragment incompatibility prior below threshold.  Incompatible fragments will be ignored.
[2019-08-13 10:59:37.008] [jointLog] [info] Usage of --validateMappings implies use of minScoreFraction. Since not explicitly specified, it is being set to 0.65
[2019-08-13 10:59:37.008] [jointLog] [info] Usage of --validateMappings, without --hardFilter implies use of range factorization. rangeFactorizationBins is being set to 4
[2019-08-13 10:59:37.008] [jointLog] [info] Usage of --validateMappings implies a default consensus slack of 0.2. Setting consensusSlack to 0.2.
[2019-08-13 10:59:37.008] [jointLog] [info] parsing read library format
[2019-08-13 10:59:37.008] [jointLog] [info] There is 1 library.
[2019-08-13 10:59:37.176] [jointLog] [info] Loading Quasi index
[2019-08-13 10:59:37.178] [jointLog] [info] Loading 32-bit quasi index
[2019-08-13 11:03:38.774] [jointLog] [info] done
[2019-08-13 11:03:38.775] [jointLog] [info] Index contained 233,839 targets
[2019-08-13 11:03:40.961] [jointLog] [info] Automatically detected most likely library type as ISR
[2019-08-13 11:16:10.171] [jointLog] [info] Thread saw mini-batch with a maximum of 2.22% zero probability fragments
[2019-08-13 11:16:10.171] [jointLog] [info] Thread saw mini-batch with a maximum of 2.30% zero probability fragments
[2019-08-13 11:16:10.344] [jointLog] [info] Thread saw mini-batch with a maximum of 2.30% zero probability fragments
[2019-08-13 11:16:10.479] [jointLog] [info] Thread saw mini-batch with a maximum of 2.34% zero probability fragments
[2019-08-13 11:16:10.513] [jointLog] [info] Thread saw mini-batch with a maximum of 2.22% zero probability fragments
[2019-08-13 11:16:10.702] [jointLog] [info] Thread saw mini-batch with a maximum of 2.22% zero probability fragments
[2019-08-13 11:16:10.735] [jointLog] [info] Thread saw mini-batch with a maximum of 2.30% zero probability fragments
[2019-08-13 11:16:10.751] [jointLog] [info] Thread saw mini-batch with a maximum of 2.22% zero probability fragments
[2019-08-13 11:16:10.857] [jointLog] [info] Thread saw mini-batch with a maximum of 2.28% zero probability fragments
[2019-08-13 11:16:10.957] [jointLog] [info] Thread saw mini-batch with a maximum of 2.22% zero probability fragments
[2019-08-13 11:16:11.915] [fileLog] [info] 
At end of round 0
==================
Observed 41458473 total fragments (41458473 in most recent round)

[2019-08-13 11:16:11.913] [jointLog] [info] Computed 839,048 rich equivalence classes for further processing
[2019-08-13 11:16:11.913] [jointLog] [info] Counted 33,837,165 total reads in the equivalence classes 
[2019-08-13 11:16:11.949] [jointLog] [info] Number of mappings discarded because of alignment score : 13,981,730
[2019-08-13 11:16:11.949] [jointLog] [info] Number of fragments entirely discarded because of alignment score : 5,378,940
[2019-08-13 11:16:11.949] [jointLog] [info] Mapping rate = 81.617%

[2019-08-13 11:16:11.949] [jointLog] [info] finished quantifyLibrary()
[2019-08-13 11:16:11.951] [jointLog] [info] Starting optimizer
[2019-08-13 11:16:45.283] [jointLog] [info] Marked 0 weighted equivalence classes as degenerate
[2019-08-13 11:16:45.326] [jointLog] [info] iteration = 0 | max rel diff. = 4665.99
[2019-08-13 11:16:49.254] [jointLog] [info] iteration = 100 | max rel diff. = 8.9097
[2019-08-13 11:16:52.769] [jointLog] [info] iteration = 200 | max rel diff. = 4.41507
[2019-08-13 11:16:56.289] [jointLog] [info] iteration = 300 | max rel diff. = 3.50225
[2019-08-13 11:16:59.818] [jointLog] [info] iteration = 400 | max rel diff. = 1.58934
[2019-08-13 11:17:03.333] [jointLog] [info] iteration = 500 | max rel diff. = 2.38658
[2019-08-13 11:17:06.848] [jointLog] [info] iteration = 600 | max rel diff. = 0.220798
[2019-08-13 11:17:10.361] [jointLog] [info] iteration = 700 | max rel diff. = 0.0409765
[2019-08-13 11:17:13.876] [jointLog] [info] iteration = 800 | max rel diff. = 0.0499498
[2019-08-13 11:17:17.388] [jointLog] [info] iteration = 900 | max rel diff. = 0.0263882
[2019-08-13 11:17:20.901] [jointLog] [info] iteration = 1,000 | max rel diff. = 0.537101
[2019-08-13 11:17:24.420] [jointLog] [info] iteration = 1,100 | max rel diff. = 0.11321
[2019-08-13 11:17:25.333] [jointLog] [info] iteration = 1,127 | max rel diff. = 0.00791231
[2019-08-13 11:17:25.341] [jointLog] [info] Finished optimizer
[2019-08-13 11:17:25.341] [jointLog] [info] writing output 

