[2019-10-02 14:03:55.519] [jointLog] [info] Fragment incompatibility prior below threshold.  Incompatible fragments will be ignored.
[2019-10-02 14:03:55.521] [jointLog] [info] Usage of --validateMappings implies use of minScoreFraction. Since not explicitly specified, it is being set to 0.65
[2019-10-02 14:03:55.521] [jointLog] [info] Usage of --validateMappings, without --hardFilter implies use of range factorization. rangeFactorizationBins is being set to 4
[2019-10-02 14:03:55.525] [jointLog] [info] Usage of --validateMappings implies a default consensus slack of 0.2. Setting consensusSlack to 0.2.
[2019-10-02 14:03:55.525] [jointLog] [info] parsing read library format
[2019-10-02 14:03:55.525] [jointLog] [info] There is 1 library.
[2019-10-02 14:03:55.723] [jointLog] [info] Loading Quasi index
[2019-10-02 14:03:55.732] [jointLog] [info] Loading 32-bit quasi index
[2019-10-02 14:08:56.906] [jointLog] [info] done
[2019-10-02 14:08:56.906] [jointLog] [info] Index contained 233,839 targets
[2019-10-02 14:08:58.586] [jointLog] [info] Automatically detected most likely library type as ISR
[2019-10-02 14:14:36.921] [jointLog] [info] Thread saw mini-batch with a maximum of 1.28% zero probability fragments
[2019-10-02 14:14:37.015] [jointLog] [info] Thread saw mini-batch with a maximum of 1.28% zero probability fragments
[2019-10-02 14:14:37.044] [jointLog] [info] Thread saw mini-batch with a maximum of 1.30% zero probability fragments
[2019-10-02 14:14:37.127] [jointLog] [info] Thread saw mini-batch with a maximum of 1.26% zero probability fragments
[2019-10-02 14:14:37.192] [jointLog] [info] Thread saw mini-batch with a maximum of 1.32% zero probability fragments
[2019-10-02 14:14:37.295] [jointLog] [info] Thread saw mini-batch with a maximum of 1.30% zero probability fragments
[2019-10-02 14:14:37.321] [jointLog] [info] Thread saw mini-batch with a maximum of 1.40% zero probability fragments
[2019-10-02 14:14:37.340] [jointLog] [info] Thread saw mini-batch with a maximum of 1.26% zero probability fragments
[2019-10-02 14:14:37.350] [jointLog] [info] Thread saw mini-batch with a maximum of 1.30% zero probability fragments
[2019-10-02 14:14:37.419] [jointLog] [info] Thread saw mini-batch with a maximum of 1.42% zero probability fragments
[2019-10-02 14:14:38.357] [jointLog] [info] Computed 643,196 rich equivalence classes for further processing
[2019-10-02 14:14:38.357] [jointLog] [info] Counted 24,330,441 total reads in the equivalence classes 
[2019-10-02 14:14:38.388] [jointLog] [info] Number of mappings discarded because of alignment score : 4,517,566
[2019-10-02 14:14:38.388] [jointLog] [info] Number of fragments entirely discarded because of alignment score : 1,654,325
[2019-10-02 14:14:38.388] [jointLog] [info] Mapping rate = 90.9345%

[2019-10-02 14:14:38.388] [jointLog] [info] finished quantifyLibrary()
[2019-10-02 14:14:38.390] [jointLog] [info] Starting optimizer
[2019-10-02 14:14:38.622] [jointLog] [info] Marked 0 weighted equivalence classes as degenerate
[2019-10-02 14:14:38.653] [jointLog] [info] iteration = 0 | max rel diff. = 5319.17
[2019-10-02 14:14:38.358] [fileLog] [info] 
At end of round 0
==================
Observed 26756016 total fragments (26756016 in most recent round)

[2019-10-02 14:14:41.616] [jointLog] [info] iteration = 100 | max rel diff. = 9.15681
[2019-10-02 14:14:44.152] [jointLog] [info] iteration = 200 | max rel diff. = 4.26608
[2019-10-02 14:14:46.684] [jointLog] [info] iteration = 300 | max rel diff. = 12.7524
[2019-10-02 14:14:49.217] [jointLog] [info] iteration = 400 | max rel diff. = 12.3001
[2019-10-02 14:14:51.748] [jointLog] [info] iteration = 500 | max rel diff. = 2.34401
[2019-10-02 14:14:54.281] [jointLog] [info] iteration = 600 | max rel diff. = 0.618086
[2019-10-02 14:14:56.812] [jointLog] [info] iteration = 700 | max rel diff. = 1.50808
[2019-10-02 14:14:59.343] [jointLog] [info] iteration = 800 | max rel diff. = 0.219245
[2019-10-02 14:15:01.879] [jointLog] [info] iteration = 900 | max rel diff. = 1.00296
[2019-10-02 14:15:04.409] [jointLog] [info] iteration = 1,000 | max rel diff. = 0.305629
[2019-10-02 14:15:06.940] [jointLog] [info] iteration = 1,100 | max rel diff. = 0.0612641
[2019-10-02 14:15:09.470] [jointLog] [info] iteration = 1,200 | max rel diff. = 0.0275297
[2019-10-02 14:15:12.002] [jointLog] [info] iteration = 1,300 | max rel diff. = 0.0597676
[2019-10-02 14:15:14.533] [jointLog] [info] iteration = 1,400 | max rel diff. = 0.0374094
[2019-10-02 14:15:16.102] [jointLog] [info] iteration = 1,463 | max rel diff. = 0.00637813
[2019-10-02 14:15:16.108] [jointLog] [info] Finished optimizer
[2019-10-02 14:15:16.108] [jointLog] [info] writing output 

