[2019-10-02 14:03:50.596] [jointLog] [info] Fragment incompatibility prior below threshold.  Incompatible fragments will be ignored.
[2019-10-02 14:03:50.596] [jointLog] [info] Usage of --validateMappings implies use of minScoreFraction. Since not explicitly specified, it is being set to 0.65
[2019-10-02 14:03:50.596] [jointLog] [info] Usage of --validateMappings, without --hardFilter implies use of range factorization. rangeFactorizationBins is being set to 4
[2019-10-02 14:03:50.597] [jointLog] [info] Usage of --validateMappings implies a default consensus slack of 0.2. Setting consensusSlack to 0.2.
[2019-10-02 14:03:50.597] [jointLog] [info] parsing read library format
[2019-10-02 14:03:50.597] [jointLog] [info] There is 1 library.
[2019-10-02 14:03:50.698] [jointLog] [info] Loading Quasi index
[2019-10-02 14:03:50.767] [jointLog] [info] Loading 32-bit quasi index
[2019-10-02 14:08:52.858] [jointLog] [info] done
[2019-10-02 14:08:52.858] [jointLog] [info] Index contained 233,839 targets
[2019-10-02 14:08:54.126] [jointLog] [info] Automatically detected most likely library type as ISR
[2019-10-02 14:12:38.701] [jointLog] [info] Thread saw mini-batch with a maximum of 1.34% zero probability fragments
[2019-10-02 14:12:38.752] [jointLog] [info] Thread saw mini-batch with a maximum of 1.22% zero probability fragments
[2019-10-02 14:12:38.757] [jointLog] [info] Thread saw mini-batch with a maximum of 1.32% zero probability fragments
[2019-10-02 14:12:38.786] [jointLog] [info] Thread saw mini-batch with a maximum of 1.24% zero probability fragments
[2019-10-02 14:12:38.809] [jointLog] [info] Thread saw mini-batch with a maximum of 1.24% zero probability fragments
[2019-10-02 14:12:38.849] [jointLog] [info] Thread saw mini-batch with a maximum of 1.28% zero probability fragments
[2019-10-02 14:12:38.887] [jointLog] [info] Thread saw mini-batch with a maximum of 1.34% zero probability fragments
[2019-10-02 14:12:38.892] [jointLog] [info] Thread saw mini-batch with a maximum of 1.20% zero probability fragments
[2019-10-02 14:12:39.025] [jointLog] [info] Thread saw mini-batch with a maximum of 1.30% zero probability fragments
[2019-10-02 14:12:39.038] [jointLog] [info] Thread saw mini-batch with a maximum of 1.36% zero probability fragments
[2019-10-02 14:12:39.514] [jointLog] [info] Computed 555,089 rich equivalence classes for further processing
[2019-10-02 14:12:39.514] [jointLog] [info] Counted 20,418,586 total reads in the equivalence classes 
[2019-10-02 14:12:39.542] [jointLog] [info] Number of mappings discarded because of alignment score : 3,100,613
[2019-10-02 14:12:39.542] [jointLog] [info] Number of fragments entirely discarded because of alignment score : 1,298,885
[2019-10-02 14:12:39.542] [jointLog] [info] Mapping rate = 88.8816%

[2019-10-02 14:12:39.542] [jointLog] [info] finished quantifyLibrary()
[2019-10-02 14:12:39.548] [jointLog] [info] Starting optimizer
[2019-10-02 14:12:39.720] [jointLog] [info] Marked 0 weighted equivalence classes as degenerate
[2019-10-02 14:12:39.741] [jointLog] [info] iteration = 0 | max rel diff. = 5094.99
[2019-10-02 14:12:39.515] [fileLog] [info] 
At end of round 0
==================
Observed 22972793 total fragments (22972793 in most recent round)

[2019-10-02 14:12:41.778] [jointLog] [info] iteration = 100 | max rel diff. = 15.9344
[2019-10-02 14:12:43.822] [jointLog] [info] iteration = 200 | max rel diff. = 2.51765
[2019-10-02 14:12:45.858] [jointLog] [info] iteration = 300 | max rel diff. = 1.77001
[2019-10-02 14:12:47.893] [jointLog] [info] iteration = 400 | max rel diff. = 11.7704
[2019-10-02 14:12:49.930] [jointLog] [info] iteration = 500 | max rel diff. = 0.357688
[2019-10-02 14:12:51.966] [jointLog] [info] iteration = 600 | max rel diff. = 0.322665
[2019-10-02 14:12:54.001] [jointLog] [info] iteration = 700 | max rel diff. = 7.01377
[2019-10-02 14:12:56.038] [jointLog] [info] iteration = 800 | max rel diff. = 0.129953
[2019-10-02 14:12:58.075] [jointLog] [info] iteration = 900 | max rel diff. = 0.0233308
[2019-10-02 14:13:00.111] [jointLog] [info] iteration = 1,000 | max rel diff. = 0.0166734
[2019-10-02 14:13:02.147] [jointLog] [info] iteration = 1,100 | max rel diff. = 0.029961
[2019-10-02 14:13:04.183] [jointLog] [info] iteration = 1,200 | max rel diff. = 0.044034
[2019-10-02 14:13:06.218] [jointLog] [info] iteration = 1,300 | max rel diff. = 0.0667723
[2019-10-02 14:13:06.564] [jointLog] [info] iteration = 1,318 | max rel diff. = 0.00664272
[2019-10-02 14:13:06.570] [jointLog] [info] Finished optimizer
[2019-10-02 14:13:06.570] [jointLog] [info] writing output 

