[2019-10-02 14:14:40.213] [jointLog] [info] Fragment incompatibility prior below threshold.  Incompatible fragments will be ignored.
[2019-10-02 14:14:40.214] [jointLog] [info] Usage of --validateMappings implies use of minScoreFraction. Since not explicitly specified, it is being set to 0.65
[2019-10-02 14:14:40.214] [jointLog] [info] Usage of --validateMappings, without --hardFilter implies use of range factorization. rangeFactorizationBins is being set to 4
[2019-10-02 14:14:40.215] [jointLog] [info] Usage of --validateMappings implies a default consensus slack of 0.2. Setting consensusSlack to 0.2.
[2019-10-02 14:14:40.215] [jointLog] [info] parsing read library format
[2019-10-02 14:14:40.215] [jointLog] [info] There is 1 library.
[2019-10-02 14:14:40.388] [jointLog] [info] Loading Quasi index
[2019-10-02 14:14:40.390] [jointLog] [info] Loading 32-bit quasi index
[2019-10-02 14:17:23.209] [jointLog] [info] done
[2019-10-02 14:17:23.209] [jointLog] [info] Index contained 233,839 targets
[2019-10-02 14:17:24.707] [jointLog] [info] Automatically detected most likely library type as ISR
[2019-10-02 14:25:56.816] [jointLog] [info] Thread saw mini-batch with a maximum of 1.16% zero probability fragments
[2019-10-02 14:25:56.850] [jointLog] [info] Thread saw mini-batch with a maximum of 1.20% zero probability fragments
[2019-10-02 14:25:56.867] [jointLog] [info] Thread saw mini-batch with a maximum of 1.30% zero probability fragments
[2019-10-02 14:25:56.880] [jointLog] [info] Thread saw mini-batch with a maximum of 1.22% zero probability fragments
[2019-10-02 14:25:56.894] [jointLog] [info] Thread saw mini-batch with a maximum of 1.22% zero probability fragments
[2019-10-02 14:25:56.963] [jointLog] [info] Thread saw mini-batch with a maximum of 1.20% zero probability fragments
[2019-10-02 14:25:56.979] [jointLog] [info] Thread saw mini-batch with a maximum of 1.14% zero probability fragments
[2019-10-02 14:25:56.995] [jointLog] [info] Thread saw mini-batch with a maximum of 1.22% zero probability fragments
[2019-10-02 14:25:57.127] [jointLog] [info] Thread saw mini-batch with a maximum of 1.26% zero probability fragments
[2019-10-02 14:25:57.178] [jointLog] [info] Thread saw mini-batch with a maximum of 1.16% zero probability fragments
[2019-10-02 14:25:58.206] [jointLog] [info] Computed 751,682 rich equivalence classes for further processing
[2019-10-02 14:25:58.206] [jointLog] [info] Counted 39,176,607 total reads in the equivalence classes 
[2019-10-02 14:25:58.236] [jointLog] [info] Number of mappings discarded because of alignment score : 5,553,670
[2019-10-02 14:25:58.236] [jointLog] [info] Number of fragments entirely discarded because of alignment score : 2,137,856
[2019-10-02 14:25:58.236] [jointLog] [info] Mapping rate = 92.2965%

[2019-10-02 14:25:58.236] [jointLog] [info] finished quantifyLibrary()
[2019-10-02 14:25:58.239] [jointLog] [info] Starting optimizer
[2019-10-02 14:25:58.496] [jointLog] [info] Marked 0 weighted equivalence classes as degenerate
[2019-10-02 14:25:58.207] [fileLog] [info] 
At end of round 0
==================
Observed 42446451 total fragments (42446451 in most recent round)

[2019-10-02 14:25:58.547] [jointLog] [info] iteration = 0 | max rel diff. = 3619.02
[2019-10-02 14:26:01.792] [jointLog] [info] iteration = 100 | max rel diff. = 10.652
[2019-10-02 14:26:04.645] [jointLog] [info] iteration = 200 | max rel diff. = 10.0563
[2019-10-02 14:26:07.500] [jointLog] [info] iteration = 300 | max rel diff. = 7.29833
[2019-10-02 14:26:10.352] [jointLog] [info] iteration = 400 | max rel diff. = 0.415246
[2019-10-02 14:26:13.204] [jointLog] [info] iteration = 500 | max rel diff. = 3.25389
[2019-10-02 14:26:16.055] [jointLog] [info] iteration = 600 | max rel diff. = 0.124346
[2019-10-02 14:26:18.907] [jointLog] [info] iteration = 700 | max rel diff. = 0.841498
[2019-10-02 14:26:21.758] [jointLog] [info] iteration = 800 | max rel diff. = 0.110542
[2019-10-02 14:26:24.611] [jointLog] [info] iteration = 900 | max rel diff. = 3.64679
[2019-10-02 14:26:26.692] [jointLog] [info] iteration = 974 | max rel diff. = 0.00893873
[2019-10-02 14:26:26.698] [jointLog] [info] Finished optimizer
[2019-10-02 14:26:26.698] [jointLog] [info] writing output 

