[2019-08-13 10:44:06.289] [jointLog] [info] Fragment incompatibility prior below threshold.  Incompatible fragments will be ignored.
[2019-08-13 10:44:06.289] [jointLog] [info] Usage of --validateMappings implies use of minScoreFraction. Since not explicitly specified, it is being set to 0.65
[2019-08-13 10:44:06.289] [jointLog] [info] Usage of --validateMappings, without --hardFilter implies use of range factorization. rangeFactorizationBins is being set to 4
[2019-08-13 10:44:06.289] [jointLog] [info] Usage of --validateMappings implies a default consensus slack of 0.2. Setting consensusSlack to 0.2.
[2019-08-13 10:44:06.289] [jointLog] [info] parsing read library format
[2019-08-13 10:44:06.289] [jointLog] [info] There is 1 library.
[2019-08-13 10:44:06.390] [jointLog] [info] Loading Quasi index
[2019-08-13 10:44:06.419] [jointLog] [info] Loading 32-bit quasi index
[2019-08-13 10:59:19.874] [jointLog] [info] done
[2019-08-13 10:59:19.874] [jointLog] [info] Index contained 233,839 targets
[2019-08-13 10:59:21.004] [jointLog] [info] Automatically detected most likely library type as ISR
[2019-08-13 11:19:18.155] [jointLog] [info] Thread saw mini-batch with a maximum of 2.52% zero probability fragments
[2019-08-13 11:19:18.188] [jointLog] [info] Thread saw mini-batch with a maximum of 2.48% zero probability fragments
[2019-08-13 11:19:18.343] [jointLog] [info] Thread saw mini-batch with a maximum of 2.54% zero probability fragments
[2019-08-13 11:19:18.375] [jointLog] [info] Thread saw mini-batch with a maximum of 2.54% zero probability fragments
[2019-08-13 11:19:18.408] [jointLog] [info] Thread saw mini-batch with a maximum of 2.66% zero probability fragments
[2019-08-13 11:19:18.510] [jointLog] [info] Thread saw mini-batch with a maximum of 2.50% zero probability fragments
[2019-08-13 11:19:18.588] [jointLog] [info] Thread saw mini-batch with a maximum of 2.44% zero probability fragments
[2019-08-13 11:19:18.660] [jointLog] [info] Thread saw mini-batch with a maximum of 2.56% zero probability fragments
[2019-08-13 11:19:18.714] [jointLog] [info] Thread saw mini-batch with a maximum of 2.48% zero probability fragments
[2019-08-13 11:19:18.762] [jointLog] [info] Thread saw mini-batch with a maximum of 2.42% zero probability fragments
[2019-08-13 11:19:19.935] [jointLog] [info] Computed 1,161,452 rich equivalence classes for further processing
[2019-08-13 11:19:19.935] [jointLog] [info] Counted 64,729,422 total reads in the equivalence classes 
[2019-08-13 11:19:19.964] [jointLog] [info] Number of mappings discarded because of alignment score : 32,234,857
[2019-08-13 11:19:19.964] [jointLog] [info] Number of fragments entirely discarded because of alignment score : 15,197,600
[2019-08-13 11:19:19.964] [jointLog] [info] Mapping rate = 76.2132%

[2019-08-13 11:19:19.964] [jointLog] [info] finished quantifyLibrary()
[2019-08-13 11:19:19.967] [jointLog] [info] Starting optimizer
[2019-08-13 11:19:19.936] [fileLog] [info] 
At end of round 0
==================
Observed 84932035 total fragments (84932035 in most recent round)

[2019-08-13 11:19:20.210] [jointLog] [info] Marked 0 weighted equivalence classes as degenerate
[2019-08-13 11:19:20.250] [jointLog] [info] iteration = 0 | max rel diff. = 53.5179
[2019-08-13 11:19:24.113] [jointLog] [info] iteration = 100 | max rel diff. = 12.8424
[2019-08-13 11:19:27.953] [jointLog] [info] iteration = 200 | max rel diff. = 0.417472
[2019-08-13 11:19:31.791] [jointLog] [info] iteration = 300 | max rel diff. = 0.687356
[2019-08-13 11:19:35.629] [jointLog] [info] iteration = 400 | max rel diff. = 0.118027
[2019-08-13 11:19:39.468] [jointLog] [info] iteration = 500 | max rel diff. = 0.0796215
[2019-08-13 11:19:43.307] [jointLog] [info] iteration = 600 | max rel diff. = 8.77857
[2019-08-13 11:19:47.146] [jointLog] [info] iteration = 700 | max rel diff. = 0.396226
[2019-08-13 11:19:50.983] [jointLog] [info] iteration = 800 | max rel diff. = 0.638333
[2019-08-13 11:19:54.821] [jointLog] [info] iteration = 900 | max rel diff. = 0.0553948
[2019-08-13 11:19:58.664] [jointLog] [info] iteration = 1,000 | max rel diff. = 0.0736721
[2019-08-13 11:20:02.532] [jointLog] [info] iteration = 1,100 | max rel diff. = 0.0372204
[2019-08-13 11:20:06.364] [jointLog] [info] iteration = 1,200 | max rel diff. = 0.517487
[2019-08-13 11:20:10.197] [jointLog] [info] iteration = 1,300 | max rel diff. = 0.0390598
[2019-08-13 11:20:14.029] [jointLog] [info] iteration = 1,400 | max rel diff. = 0.0571277
[2019-08-13 11:20:17.862] [jointLog] [info] iteration = 1,500 | max rel diff. = 0.102056
[2019-08-13 11:20:21.693] [jointLog] [info] iteration = 1,600 | max rel diff. = 0.0156454
[2019-08-13 11:20:24.720] [jointLog] [info] iteration = 1,680 | max rel diff. = 0.00255361
[2019-08-13 11:20:24.725] [jointLog] [info] Finished optimizer
[2019-08-13 11:20:24.725] [jointLog] [info] writing output 

