[2019-10-02 14:03:50.606] [jointLog] [info] Fragment incompatibility prior below threshold.  Incompatible fragments will be ignored.
[2019-10-02 14:03:50.607] [jointLog] [info] Usage of --validateMappings implies use of minScoreFraction. Since not explicitly specified, it is being set to 0.65
[2019-10-02 14:03:50.607] [jointLog] [info] Usage of --validateMappings, without --hardFilter implies use of range factorization. rangeFactorizationBins is being set to 4
[2019-10-02 14:03:50.607] [jointLog] [info] Usage of --validateMappings implies a default consensus slack of 0.2. Setting consensusSlack to 0.2.
[2019-10-02 14:03:50.607] [jointLog] [info] parsing read library format
[2019-10-02 14:03:50.607] [jointLog] [info] There is 1 library.
[2019-10-02 14:03:50.735] [jointLog] [info] Loading Quasi index
[2019-10-02 14:03:50.767] [jointLog] [info] Loading 32-bit quasi index
[2019-10-02 14:09:14.701] [jointLog] [info] done
[2019-10-02 14:09:14.701] [jointLog] [info] Index contained 233,839 targets
[2019-10-02 14:09:15.958] [jointLog] [info] Automatically detected most likely library type as ISR
[2019-10-02 14:14:09.042] [jointLog] [info] Thread saw mini-batch with a maximum of 1.28% zero probability fragments
[2019-10-02 14:14:09.124] [jointLog] [info] Thread saw mini-batch with a maximum of 1.26% zero probability fragments
[2019-10-02 14:14:09.139] [jointLog] [info] Thread saw mini-batch with a maximum of 1.34% zero probability fragments
[2019-10-02 14:14:09.232] [jointLog] [info] Thread saw mini-batch with a maximum of 1.34% zero probability fragments
[2019-10-02 14:14:09.313] [jointLog] [info] Thread saw mini-batch with a maximum of 1.32% zero probability fragments
[2019-10-02 14:14:09.383] [jointLog] [info] Thread saw mini-batch with a maximum of 1.36% zero probability fragments
[2019-10-02 14:14:09.386] [jointLog] [info] Thread saw mini-batch with a maximum of 1.30% zero probability fragments
[2019-10-02 14:14:09.429] [jointLog] [info] Thread saw mini-batch with a maximum of 1.24% zero probability fragments
[2019-10-02 14:14:09.488] [jointLog] [info] Thread saw mini-batch with a maximum of 1.26% zero probability fragments
[2019-10-02 14:14:09.513] [jointLog] [info] Thread saw mini-batch with a maximum of 1.40% zero probability fragments
[2019-10-02 14:14:10.162] [jointLog] [info] Computed 639,562 rich equivalence classes for further processing
[2019-10-02 14:14:10.162] [jointLog] [info] Counted 25,613,730 total reads in the equivalence classes 
[2019-10-02 14:14:10.191] [jointLog] [info] Number of mappings discarded because of alignment score : 4,573,002
[2019-10-02 14:14:10.191] [jointLog] [info] Number of fragments entirely discarded because of alignment score : 1,773,221
[2019-10-02 14:14:10.191] [jointLog] [info] Mapping rate = 90.7679%

[2019-10-02 14:14:10.191] [jointLog] [info] finished quantifyLibrary()
[2019-10-02 14:14:10.194] [jointLog] [info] Starting optimizer
[2019-10-02 14:14:10.163] [fileLog] [info] 
At end of round 0
==================
Observed 28218945 total fragments (28218945 in most recent round)

[2019-10-02 14:14:10.527] [jointLog] [info] Marked 0 weighted equivalence classes as degenerate
[2019-10-02 14:14:10.557] [jointLog] [info] iteration = 0 | max rel diff. = 5444.45
[2019-10-02 14:14:12.949] [jointLog] [info] iteration = 100 | max rel diff. = 8.80791
[2019-10-02 14:14:15.205] [jointLog] [info] iteration = 200 | max rel diff. = 6.13722
[2019-10-02 14:14:17.474] [jointLog] [info] iteration = 300 | max rel diff. = 17.0846
[2019-10-02 14:14:19.870] [jointLog] [info] iteration = 400 | max rel diff. = 1.01866
[2019-10-02 14:14:22.263] [jointLog] [info] iteration = 500 | max rel diff. = 0.367874
[2019-10-02 14:14:24.623] [jointLog] [info] iteration = 600 | max rel diff. = 0.246071
[2019-10-02 14:14:27.078] [jointLog] [info] iteration = 700 | max rel diff. = 0.424944
[2019-10-02 14:14:29.632] [jointLog] [info] iteration = 800 | max rel diff. = 0.411578
[2019-10-02 14:14:32.159] [jointLog] [info] iteration = 900 | max rel diff. = 0.0308975
[2019-10-02 14:14:34.688] [jointLog] [info] iteration = 1,000 | max rel diff. = 0.0459229
[2019-10-02 14:14:37.238] [jointLog] [info] iteration = 1,100 | max rel diff. = 0.185491
[2019-10-02 14:14:39.245] [jointLog] [info] iteration = 1,187 | max rel diff. = 0.00743836
[2019-10-02 14:14:39.252] [jointLog] [info] Finished optimizer
[2019-10-02 14:14:39.252] [jointLog] [info] writing output 

