[2019-08-13 10:44:09.458] [jointLog] [info] Fragment incompatibility prior below threshold.  Incompatible fragments will be ignored.
[2019-08-13 10:44:09.459] [jointLog] [info] Usage of --validateMappings implies use of minScoreFraction. Since not explicitly specified, it is being set to 0.65
[2019-08-13 10:44:09.459] [jointLog] [info] Usage of --validateMappings, without --hardFilter implies use of range factorization. rangeFactorizationBins is being set to 4
[2019-08-13 10:44:09.460] [jointLog] [info] Usage of --validateMappings implies a default consensus slack of 0.2. Setting consensusSlack to 0.2.
[2019-08-13 10:44:09.460] [jointLog] [info] parsing read library format
[2019-08-13 10:44:09.460] [jointLog] [info] There is 1 library.
[2019-08-13 10:44:09.685] [jointLog] [info] Loading Quasi index
[2019-08-13 10:44:09.695] [jointLog] [info] Loading 32-bit quasi index
[2019-08-13 10:48:53.283] [jointLog] [info] done
[2019-08-13 10:48:53.283] [jointLog] [info] Index contained 233,839 targets
[2019-08-13 10:48:54.888] [jointLog] [info] Automatically detected most likely library type as ISR
[2019-08-13 10:58:38.174] [jointLog] [info] Thread saw mini-batch with a maximum of 2.52% zero probability fragments
[2019-08-13 10:58:38.281] [jointLog] [info] Thread saw mini-batch with a maximum of 2.38% zero probability fragments
[2019-08-13 10:58:38.435] [jointLog] [info] Thread saw mini-batch with a maximum of 2.52% zero probability fragments
[2019-08-13 10:58:38.509] [jointLog] [info] Thread saw mini-batch with a maximum of 2.48% zero probability fragments
[2019-08-13 10:58:38.529] [jointLog] [info] Thread saw mini-batch with a maximum of 2.64% zero probability fragments
[2019-08-13 10:58:38.559] [jointLog] [info] Thread saw mini-batch with a maximum of 2.58% zero probability fragments
[2019-08-13 10:58:38.570] [jointLog] [info] Thread saw mini-batch with a maximum of 2.48% zero probability fragments
[2019-08-13 10:58:38.641] [jointLog] [info] Thread saw mini-batch with a maximum of 2.62% zero probability fragments
[2019-08-13 10:58:38.721] [jointLog] [info] Thread saw mini-batch with a maximum of 2.68% zero probability fragments
[2019-08-13 10:58:38.750] [jointLog] [info] Thread saw mini-batch with a maximum of 2.50% zero probability fragments
[2019-08-13 10:58:39.836] [jointLog] [info] Computed 861,794 rich equivalence classes for further processing
[2019-08-13 10:58:39.836] [jointLog] [info] Counted 34,404,820 total reads in the equivalence classes 
[2019-08-13 10:58:39.891] [jointLog] [info] Number of mappings discarded because of alignment score : 14,780,648
[2019-08-13 10:58:39.891] [jointLog] [info] Number of fragments entirely discarded because of alignment score : 5,439,494
[2019-08-13 10:58:39.891] [jointLog] [info] Mapping rate = 81.2798%

[2019-08-13 10:58:39.891] [jointLog] [info] finished quantifyLibrary()
[2019-08-13 10:58:39.894] [jointLog] [info] Starting optimizer
[2019-08-13 10:58:39.838] [fileLog] [info] 
At end of round 0
==================
Observed 42328867 total fragments (42328867 in most recent round)

[2019-08-13 10:58:56.413] [jointLog] [info] Marked 0 weighted equivalence classes as degenerate
[2019-08-13 10:58:56.458] [jointLog] [info] iteration = 0 | max rel diff. = 4563.67
[2019-08-13 10:59:00.062] [jointLog] [info] iteration = 100 | max rel diff. = 14.7817
[2019-08-13 10:59:02.918] [jointLog] [info] iteration = 200 | max rel diff. = 12.6141
[2019-08-13 10:59:05.776] [jointLog] [info] iteration = 300 | max rel diff. = 0.733823
[2019-08-13 10:59:08.629] [jointLog] [info] iteration = 400 | max rel diff. = 1.6877
[2019-08-13 10:59:11.482] [jointLog] [info] iteration = 500 | max rel diff. = 3.55611
[2019-08-13 10:59:14.336] [jointLog] [info] iteration = 600 | max rel diff. = 0.181779
[2019-08-13 10:59:17.188] [jointLog] [info] iteration = 700 | max rel diff. = 0.36693
[2019-08-13 10:59:20.041] [jointLog] [info] iteration = 800 | max rel diff. = 4.41815
[2019-08-13 10:59:22.894] [jointLog] [info] iteration = 900 | max rel diff. = 0.0565773
[2019-08-13 10:59:25.748] [jointLog] [info] iteration = 1,000 | max rel diff. = 0.673566
[2019-08-13 10:59:28.600] [jointLog] [info] iteration = 1,100 | max rel diff. = 0.386834
[2019-08-13 10:59:30.568] [jointLog] [info] iteration = 1,170 | max rel diff. = 0.00749319
[2019-08-13 10:59:30.574] [jointLog] [info] Finished optimizer
[2019-08-13 10:59:30.574] [jointLog] [info] writing output 

