[2019-11-15 11:11:38.874] [jointLog] [info] Fragment incompatibility prior below threshold.  Incompatible fragments will be ignored.
[2019-11-15 11:11:38.874] [jointLog] [info] Usage of --validateMappings implies use of minScoreFraction. Since not explicitly specified, it is being set to 0.65
[2019-11-15 11:11:38.874] [jointLog] [info] Usage of --validateMappings, without --hardFilter implies use of range factorization. rangeFactorizationBins is being set to 4
[2019-11-15 11:11:38.886] [jointLog] [info] Usage of --validateMappings implies a default consensus slack of 0.2. Setting consensusSlack to 0.2.
[2019-11-15 11:11:38.886] [jointLog] [info] parsing read library format
[2019-11-15 11:11:38.886] [jointLog] [info] There is 1 library.
[2019-11-15 11:11:39.030] [jointLog] [info] Loading Quasi index
[2019-11-15 11:11:39.127] [jointLog] [info] Loading 32-bit quasi index
[2019-11-15 11:15:22.859] [jointLog] [info] done
[2019-11-15 11:15:22.859] [jointLog] [info] Index contained 233,839 targets
[2019-11-15 11:15:25.008] [jointLog] [info] Automatically detected most likely library type as ISR
[2019-11-15 11:20:36.338] [jointLog] [info] Thread saw mini-batch with a maximum of 1.12% zero probability fragments
[2019-11-15 11:20:36.383] [jointLog] [info] Thread saw mini-batch with a maximum of 1.10% zero probability fragments
[2019-11-15 11:20:36.393] [jointLog] [info] Thread saw mini-batch with a maximum of 1.14% zero probability fragments
[2019-11-15 11:20:36.399] [jointLog] [info] Thread saw mini-batch with a maximum of 1.18% zero probability fragments
[2019-11-15 11:20:36.424] [jointLog] [info] Thread saw mini-batch with a maximum of 1.14% zero probability fragments
[2019-11-15 11:20:36.512] [jointLog] [info] Thread saw mini-batch with a maximum of 1.10% zero probability fragments
[2019-11-15 11:20:36.529] [jointLog] [info] Thread saw mini-batch with a maximum of 1.20% zero probability fragments
[2019-11-15 11:20:36.548] [jointLog] [info] Thread saw mini-batch with a maximum of 1.14% zero probability fragments
[2019-11-15 11:20:36.571] [jointLog] [info] Thread saw mini-batch with a maximum of 1.14% zero probability fragments
[2019-11-15 11:20:36.589] [jointLog] [info] Thread saw mini-batch with a maximum of 1.14% zero probability fragments
[2019-11-15 11:20:37.224] [jointLog] [info] Computed 724,326 rich equivalence classes for further processing
[2019-11-15 11:20:37.224] [jointLog] [info] Counted 35,660,347 total reads in the equivalence classes 
[2019-11-15 11:20:37.251] [jointLog] [info] Number of mappings discarded because of alignment score : 5,052,326
[2019-11-15 11:20:37.252] [jointLog] [info] Number of fragments entirely discarded because of alignment score : 1,506,098
[2019-11-15 11:20:37.252] [jointLog] [info] Mapping rate = 93.0941%

[2019-11-15 11:20:37.252] [jointLog] [info] finished quantifyLibrary()
[2019-11-15 11:20:37.258] [jointLog] [info] Starting optimizer
[2019-11-15 11:20:37.226] [fileLog] [info] 
At end of round 0
==================
Observed 38305687 total fragments (38305687 in most recent round)

[2019-11-15 11:20:37.467] [jointLog] [info] Marked 0 weighted equivalence classes as degenerate
[2019-11-15 11:20:37.491] [jointLog] [info] iteration = 0 | max rel diff. = 4313.48
[2019-11-15 11:20:39.608] [jointLog] [info] iteration = 100 | max rel diff. = 13.949
[2019-11-15 11:20:41.730] [jointLog] [info] iteration = 200 | max rel diff. = 9.01985
[2019-11-15 11:20:43.842] [jointLog] [info] iteration = 300 | max rel diff. = 9.07222
[2019-11-15 11:20:45.955] [jointLog] [info] iteration = 400 | max rel diff. = 1.55959
[2019-11-15 11:20:48.066] [jointLog] [info] iteration = 500 | max rel diff. = 0.341013
[2019-11-15 11:20:50.178] [jointLog] [info] iteration = 600 | max rel diff. = 0.58715
[2019-11-15 11:20:52.289] [jointLog] [info] iteration = 700 | max rel diff. = 0.0455236
[2019-11-15 11:20:54.401] [jointLog] [info] iteration = 800 | max rel diff. = 0.0938199
[2019-11-15 11:20:56.513] [jointLog] [info] iteration = 900 | max rel diff. = 1.24372
[2019-11-15 11:20:58.625] [jointLog] [info] iteration = 1,000 | max rel diff. = 0.0262062
[2019-11-15 11:21:00.737] [jointLog] [info] iteration = 1,100 | max rel diff. = 0.161132
[2019-11-15 11:21:00.948] [jointLog] [info] iteration = 1,111 | max rel diff. = 0.0084828
[2019-11-15 11:21:00.954] [jointLog] [info] Finished optimizer
[2019-11-15 11:21:00.954] [jointLog] [info] writing output 

