[2021-02-08 15:56:41.005] [jointLog] [info] Fragment incompatibility prior below threshold.  Incompatible fragments will be ignored.
[2021-02-08 15:56:41.005] [jointLog] [info] Usage of --validateMappings implies use of minScoreFraction. Since not explicitly specified, it is being set to 0.65
[2021-02-08 15:56:41.005] [jointLog] [info] Usage of --validateMappings, without --hardFilter implies use of range factorization. rangeFactorizationBins is being set to 4
[2021-02-08 15:56:41.006] [jointLog] [info] Usage of --validateMappings implies a default consensus slack of 0.2. Setting consensusSlack to 0.2.
[2021-02-08 15:56:41.006] [jointLog] [info] parsing read library format
[2021-02-08 15:56:41.006] [jointLog] [info] There is 1 library.
[2021-02-08 15:56:41.097] [jointLog] [info] Loading Quasi index
[2021-02-08 15:56:41.098] [jointLog] [info] Loading 32-bit quasi index
[2021-02-08 15:57:03.737] [jointLog] [info] done
[2021-02-08 15:57:03.737] [jointLog] [info] Index contained 198,540 targets
[2021-02-08 15:57:04.587] [jointLog] [info] Automatically detected most likely library type as ISR
[2021-02-08 16:00:35.714] [jointLog] [info] Thread saw mini-batch with a maximum of 1.30% zero probability fragments
[2021-02-08 16:00:35.733] [jointLog] [info] Thread saw mini-batch with a maximum of 1.46% zero probability fragments
[2021-02-08 16:00:35.760] [jointLog] [info] Thread saw mini-batch with a maximum of 1.38% zero probability fragments
[2021-02-08 16:00:35.828] [jointLog] [info] Thread saw mini-batch with a maximum of 1.34% zero probability fragments
[2021-02-08 16:00:35.852] [jointLog] [info] Thread saw mini-batch with a maximum of 1.24% zero probability fragments
[2021-02-08 16:00:35.863] [jointLog] [info] Thread saw mini-batch with a maximum of 1.30% zero probability fragments
[2021-02-08 16:00:35.919] [jointLog] [info] Thread saw mini-batch with a maximum of 1.32% zero probability fragments
[2021-02-08 16:00:35.953] [jointLog] [info] Thread saw mini-batch with a maximum of 1.28% zero probability fragments
[2021-02-08 16:00:35.989] [jointLog] [info] Thread saw mini-batch with a maximum of 1.38% zero probability fragments
[2021-02-08 16:00:35.991] [jointLog] [info] Thread saw mini-batch with a maximum of 1.24% zero probability fragments
[2021-02-08 16:00:36.524] [jointLog] [info] Computed 584,302 rich equivalence classes for further processing
[2021-02-08 16:00:36.524] [jointLog] [info] Counted 26,093,028 total reads in the equivalence classes 
[2021-02-08 16:00:36.550] [jointLog] [info] Number of mappings discarded because of alignment score : 3,093,784
[2021-02-08 16:00:36.550] [jointLog] [info] Number of fragments entirely discarded because of alignment score : 2,410,594
[2021-02-08 16:00:36.550] [jointLog] [info] Mapping rate = 81.6872%

[2021-02-08 16:00:36.550] [jointLog] [info] finished quantifyLibrary()
[2021-02-08 16:00:36.598] [jointLog] [info] Starting optimizer
[2021-02-08 16:00:36.745] [jointLog] [info] Marked 0 weighted equivalence classes as degenerate
[2021-02-08 16:00:36.764] [jointLog] [info] iteration = 0 | max rel diff. = 6173.98
[2021-02-08 16:00:36.526] [fileLog] [info] 
At end of round 0
==================
Observed 31942625 total fragments (31942625 in most recent round)

[2021-02-08 16:00:38.610] [jointLog] [info] iteration = 100 | max rel diff. = 17.0799
[2021-02-08 16:00:40.525] [jointLog] [info] iteration = 200 | max rel diff. = 9.35687
[2021-02-08 16:00:42.474] [jointLog] [info] iteration = 300 | max rel diff. = 1.50027
[2021-02-08 16:00:44.421] [jointLog] [info] iteration = 400 | max rel diff. = 0.601274
[2021-02-08 16:00:46.229] [jointLog] [info] iteration = 500 | max rel diff. = 0.186135
[2021-02-08 16:00:47.931] [jointLog] [info] iteration = 600 | max rel diff. = 0.501859
[2021-02-08 16:00:49.633] [jointLog] [info] iteration = 700 | max rel diff. = 0.108785
[2021-02-08 16:00:51.334] [jointLog] [info] iteration = 800 | max rel diff. = 0.03366
[2021-02-08 16:00:53.035] [jointLog] [info] iteration = 900 | max rel diff. = 0.103172
[2021-02-08 16:00:54.736] [jointLog] [info] iteration = 1,000 | max rel diff. = 0.648282
[2021-02-08 16:00:56.437] [jointLog] [info] iteration = 1,100 | max rel diff. = 0.05815
[2021-02-08 16:00:58.138] [jointLog] [info] iteration = 1,200 | max rel diff. = 0.239236
[2021-02-08 16:00:59.691] [jointLog] [info] iteration = 1,292 | max rel diff. = 0.00487772
[2021-02-08 16:00:59.697] [jointLog] [info] Finished optimizer
[2021-02-08 16:00:59.697] [jointLog] [info] writing output 

