[2019-08-13 10:44:02.666] [jointLog] [info] Fragment incompatibility prior below threshold.  Incompatible fragments will be ignored.
[2019-08-13 10:44:02.666] [jointLog] [info] Usage of --validateMappings implies use of minScoreFraction. Since not explicitly specified, it is being set to 0.65
[2019-08-13 10:44:02.666] [jointLog] [info] Usage of --validateMappings, without --hardFilter implies use of range factorization. rangeFactorizationBins is being set to 4
[2019-08-13 10:44:02.667] [jointLog] [info] Usage of --validateMappings implies a default consensus slack of 0.2. Setting consensusSlack to 0.2.
[2019-08-13 10:44:02.667] [jointLog] [info] parsing read library format
[2019-08-13 10:44:02.667] [jointLog] [info] There is 1 library.
[2019-08-13 10:44:02.798] [jointLog] [info] Loading Quasi index
[2019-08-13 10:44:02.802] [jointLog] [info] Loading 32-bit quasi index
[2019-08-13 10:49:33.138] [jointLog] [info] done
[2019-08-13 10:49:33.138] [jointLog] [info] Index contained 233,839 targets
[2019-08-13 10:49:34.934] [jointLog] [info] Automatically detected most likely library type as ISR
[2019-08-13 10:59:31.924] [jointLog] [info] Thread saw mini-batch with a maximum of 2.60% zero probability fragments
[2019-08-13 10:59:31.933] [jointLog] [info] Thread saw mini-batch with a maximum of 2.80% zero probability fragments
[2019-08-13 10:59:32.039] [jointLog] [info] Thread saw mini-batch with a maximum of 2.58% zero probability fragments
[2019-08-13 10:59:32.192] [jointLog] [info] Thread saw mini-batch with a maximum of 2.68% zero probability fragments
[2019-08-13 10:59:32.209] [jointLog] [info] Thread saw mini-batch with a maximum of 2.48% zero probability fragments
[2019-08-13 10:59:32.212] [jointLog] [info] Thread saw mini-batch with a maximum of 2.74% zero probability fragments
[2019-08-13 10:59:32.289] [jointLog] [info] Thread saw mini-batch with a maximum of 2.56% zero probability fragments
[2019-08-13 10:59:32.345] [jointLog] [info] Thread saw mini-batch with a maximum of 2.54% zero probability fragments
[2019-08-13 10:59:32.511] [jointLog] [info] Thread saw mini-batch with a maximum of 2.50% zero probability fragments
[2019-08-13 10:59:32.555] [jointLog] [info] Thread saw mini-batch with a maximum of 2.86% zero probability fragments
[2019-08-13 10:59:33.462] [jointLog] [info] Computed 838,792 rich equivalence classes for further processing
[2019-08-13 10:59:33.462] [jointLog] [info] Counted 32,637,052 total reads in the equivalence classes 
[2019-08-13 10:59:33.490] [jointLog] [info] Number of mappings discarded because of alignment score : 13,870,628
[2019-08-13 10:59:33.490] [jointLog] [info] Number of fragments entirely discarded because of alignment score : 5,041,533
[2019-08-13 10:59:33.490] [jointLog] [info] Mapping rate = 81.378%

[2019-08-13 10:59:33.490] [jointLog] [info] finished quantifyLibrary()
[2019-08-13 10:59:33.493] [jointLog] [info] Starting optimizer
[2019-08-13 10:59:33.834] [jointLog] [info] Marked 0 weighted equivalence classes as degenerate
[2019-08-13 10:59:33.870] [jointLog] [info] iteration = 0 | max rel diff. = 4845.35
[2019-08-13 10:59:33.465] [fileLog] [info] 
At end of round 0
==================
Observed 40105500 total fragments (40105500 in most recent round)

[2019-08-13 10:59:37.276] [jointLog] [info] iteration = 100 | max rel diff. = 15.5223
[2019-08-13 10:59:40.601] [jointLog] [info] iteration = 200 | max rel diff. = 3.06874
[2019-08-13 10:59:43.839] [jointLog] [info] iteration = 300 | max rel diff. = 1.54804
[2019-08-13 10:59:47.023] [jointLog] [info] iteration = 400 | max rel diff. = 0.391122
[2019-08-13 10:59:50.235] [jointLog] [info] iteration = 500 | max rel diff. = 1.39297
[2019-08-13 10:59:53.419] [jointLog] [info] iteration = 600 | max rel diff. = 0.0965741
[2019-08-13 10:59:56.609] [jointLog] [info] iteration = 700 | max rel diff. = 0.0333804
[2019-08-13 10:59:59.787] [jointLog] [info] iteration = 800 | max rel diff. = 3.57946
[2019-08-13 11:00:02.979] [jointLog] [info] iteration = 900 | max rel diff. = 0.061983
[2019-08-13 11:00:06.175] [jointLog] [info] iteration = 1,000 | max rel diff. = 6.38331
[2019-08-13 11:00:09.383] [jointLog] [info] iteration = 1,100 | max rel diff. = 0.0121143
[2019-08-13 11:00:12.573] [jointLog] [info] iteration = 1,200 | max rel diff. = 0.972121
[2019-08-13 11:00:14.592] [jointLog] [info] iteration = 1,264 | max rel diff. = 0.00905493
[2019-08-13 11:00:14.597] [jointLog] [info] Finished optimizer
[2019-08-13 11:00:14.597] [jointLog] [info] writing output 

