[2019-10-02 14:03:55.526] [jointLog] [info] Fragment incompatibility prior below threshold.  Incompatible fragments will be ignored.
[2019-10-02 14:03:55.527] [jointLog] [info] Usage of --validateMappings implies use of minScoreFraction. Since not explicitly specified, it is being set to 0.65
[2019-10-02 14:03:55.527] [jointLog] [info] Usage of --validateMappings, without --hardFilter implies use of range factorization. rangeFactorizationBins is being set to 4
[2019-10-02 14:03:55.527] [jointLog] [info] Usage of --validateMappings implies a default consensus slack of 0.2. Setting consensusSlack to 0.2.
[2019-10-02 14:03:55.527] [jointLog] [info] parsing read library format
[2019-10-02 14:03:55.527] [jointLog] [info] There is 1 library.
[2019-10-02 14:03:55.755] [jointLog] [info] Loading Quasi index
[2019-10-02 14:03:55.761] [jointLog] [info] Loading 32-bit quasi index
[2019-10-02 14:07:34.230] [jointLog] [info] done
[2019-10-02 14:07:34.230] [jointLog] [info] Index contained 233,839 targets
[2019-10-02 14:07:35.963] [jointLog] [info] Automatically detected most likely library type as ISR
[2019-10-02 14:12:48.296] [jointLog] [info] Thread saw mini-batch with a maximum of 1.24% zero probability fragments
[2019-10-02 14:12:48.326] [jointLog] [info] Thread saw mini-batch with a maximum of 1.26% zero probability fragments
[2019-10-02 14:12:48.339] [jointLog] [info] Thread saw mini-batch with a maximum of 1.28% zero probability fragments
[2019-10-02 14:12:48.348] [jointLog] [info] Thread saw mini-batch with a maximum of 1.30% zero probability fragments
[2019-10-02 14:12:48.355] [jointLog] [info] Thread saw mini-batch with a maximum of 1.36% zero probability fragments
[2019-10-02 14:12:48.734] [jointLog] [info] Thread saw mini-batch with a maximum of 1.22% zero probability fragments
[2019-10-02 14:12:48.834] [jointLog] [info] Thread saw mini-batch with a maximum of 1.34% zero probability fragments
[2019-10-02 14:12:48.861] [jointLog] [info] Thread saw mini-batch with a maximum of 1.38% zero probability fragments
[2019-10-02 14:12:48.899] [jointLog] [info] Thread saw mini-batch with a maximum of 1.28% zero probability fragments
[2019-10-02 14:12:48.940] [jointLog] [info] Thread saw mini-batch with a maximum of 1.30% zero probability fragments
[2019-10-02 14:12:49.656] [fileLog] [info] 
At end of round 0
==================
Observed 24823627 total fragments (24823627 in most recent round)

[2019-10-02 14:12:49.654] [jointLog] [info] Computed 535,565 rich equivalence classes for further processing
[2019-10-02 14:12:49.654] [jointLog] [info] Counted 22,205,833 total reads in the equivalence classes 
[2019-10-02 14:12:49.685] [jointLog] [info] Number of mappings discarded because of alignment score : 3,365,231
[2019-10-02 14:12:49.685] [jointLog] [info] Number of fragments entirely discarded because of alignment score : 1,969,437
[2019-10-02 14:12:49.685] [jointLog] [info] Mapping rate = 89.4544%

[2019-10-02 14:12:49.686] [jointLog] [info] finished quantifyLibrary()
[2019-10-02 14:12:49.693] [jointLog] [info] Starting optimizer
[2019-10-02 14:12:49.918] [jointLog] [info] Marked 0 weighted equivalence classes as degenerate
[2019-10-02 14:12:49.945] [jointLog] [info] iteration = 0 | max rel diff. = 5274.29
[2019-10-02 14:12:52.625] [jointLog] [info] iteration = 100 | max rel diff. = 14.2401
[2019-10-02 14:12:54.881] [jointLog] [info] iteration = 200 | max rel diff. = 7.20786
[2019-10-02 14:12:57.092] [jointLog] [info] iteration = 300 | max rel diff. = 2.14985
[2019-10-02 14:12:59.300] [jointLog] [info] iteration = 400 | max rel diff. = 13.2005
[2019-10-02 14:13:01.509] [jointLog] [info] iteration = 500 | max rel diff. = 0.609155
[2019-10-02 14:13:03.717] [jointLog] [info] iteration = 600 | max rel diff. = 0.149159
[2019-10-02 14:13:05.924] [jointLog] [info] iteration = 700 | max rel diff. = 0.0716206
[2019-10-02 14:13:08.132] [jointLog] [info] iteration = 800 | max rel diff. = 0.111981
[2019-10-02 14:13:10.340] [jointLog] [info] iteration = 900 | max rel diff. = 0.0869817
[2019-10-02 14:13:11.917] [jointLog] [info] iteration = 972 | max rel diff. = 0.0067617
[2019-10-02 14:13:11.923] [jointLog] [info] Finished optimizer
[2019-10-02 14:13:11.923] [jointLog] [info] writing output 

