[2019-10-02 14:13:24.223] [jointLog] [info] Fragment incompatibility prior below threshold.  Incompatible fragments will be ignored.
[2019-10-02 14:13:24.224] [jointLog] [info] Usage of --validateMappings implies use of minScoreFraction. Since not explicitly specified, it is being set to 0.65
[2019-10-02 14:13:24.224] [jointLog] [info] Usage of --validateMappings, without --hardFilter implies use of range factorization. rangeFactorizationBins is being set to 4
[2019-10-02 14:13:24.224] [jointLog] [info] Usage of --validateMappings implies a default consensus slack of 0.2. Setting consensusSlack to 0.2.
[2019-10-02 14:13:24.224] [jointLog] [info] parsing read library format
[2019-10-02 14:13:24.224] [jointLog] [info] There is 1 library.
[2019-10-02 14:13:24.308] [jointLog] [info] Loading Quasi index
[2019-10-02 14:13:24.309] [jointLog] [info] Loading 32-bit quasi index
[2019-10-02 14:25:06.552] [jointLog] [info] done
[2019-10-02 14:25:06.552] [jointLog] [info] Index contained 233,839 targets
[2019-10-02 14:25:07.533] [jointLog] [info] Automatically detected most likely library type as ISR
[2019-10-02 14:32:08.133] [jointLog] [info] Thread saw mini-batch with a maximum of 1.38% zero probability fragments
[2019-10-02 14:32:08.137] [jointLog] [info] Thread saw mini-batch with a maximum of 1.40% zero probability fragments
[2019-10-02 14:32:08.158] [jointLog] [info] Thread saw mini-batch with a maximum of 1.36% zero probability fragments
[2019-10-02 14:32:08.268] [jointLog] [info] Thread saw mini-batch with a maximum of 1.46% zero probability fragments
[2019-10-02 14:32:08.287] [jointLog] [info] Thread saw mini-batch with a maximum of 1.46% zero probability fragments
[2019-10-02 14:32:08.340] [jointLog] [info] Thread saw mini-batch with a maximum of 1.36% zero probability fragments
[2019-10-02 14:32:08.348] [jointLog] [info] Thread saw mini-batch with a maximum of 1.44% zero probability fragments
[2019-10-02 14:32:08.368] [jointLog] [info] Thread saw mini-batch with a maximum of 1.34% zero probability fragments
[2019-10-02 14:32:08.384] [jointLog] [info] Thread saw mini-batch with a maximum of 1.36% zero probability fragments
[2019-10-02 14:32:08.482] [jointLog] [info] Thread saw mini-batch with a maximum of 1.48% zero probability fragments
[2019-10-02 14:32:09.096] [jointLog] [info] Computed 857,978 rich equivalence classes for further processing
[2019-10-02 14:32:09.096] [jointLog] [info] Counted 40,976,380 total reads in the equivalence classes 
[2019-10-02 14:32:09.127] [jointLog] [info] Number of mappings discarded because of alignment score : 7,863,957
[2019-10-02 14:32:09.127] [jointLog] [info] Number of fragments entirely discarded because of alignment score : 4,292,881
[2019-10-02 14:32:09.127] [jointLog] [info] Mapping rate = 87.4958%

[2019-10-02 14:32:09.127] [jointLog] [info] finished quantifyLibrary()
[2019-10-02 14:32:09.128] [jointLog] [info] Starting optimizer
[2019-10-02 14:32:09.097] [fileLog] [info] 
At end of round 0
==================
Observed 46832403 total fragments (46832403 in most recent round)

[2019-10-02 14:32:09.352] [jointLog] [info] Marked 0 weighted equivalence classes as degenerate
[2019-10-02 14:32:09.386] [jointLog] [info] iteration = 0 | max rel diff. = 3160.19
[2019-10-02 14:32:12.549] [jointLog] [info] iteration = 100 | max rel diff. = 12.5723
[2019-10-02 14:32:15.722] [jointLog] [info] iteration = 200 | max rel diff. = 6.31922
[2019-10-02 14:32:18.891] [jointLog] [info] iteration = 300 | max rel diff. = 0.384908
[2019-10-02 14:32:22.061] [jointLog] [info] iteration = 400 | max rel diff. = 16.9035
[2019-10-02 14:32:25.232] [jointLog] [info] iteration = 500 | max rel diff. = 1.23275
[2019-10-02 14:32:28.402] [jointLog] [info] iteration = 600 | max rel diff. = 2.21493
[2019-10-02 14:32:31.573] [jointLog] [info] iteration = 700 | max rel diff. = 0.183969
[2019-10-02 14:32:34.744] [jointLog] [info] iteration = 800 | max rel diff. = 0.0912702
[2019-10-02 14:32:37.915] [jointLog] [info] iteration = 900 | max rel diff. = 0.052198
[2019-10-02 14:32:41.086] [jointLog] [info] iteration = 1,000 | max rel diff. = 0.180991
[2019-10-02 14:32:44.258] [jointLog] [info] iteration = 1,100 | max rel diff. = 0.0216526
[2019-10-02 14:32:47.425] [jointLog] [info] iteration = 1,200 | max rel diff. = 0.181148
[2019-10-02 14:32:47.710] [jointLog] [info] iteration = 1,210 | max rel diff. = 0.00938682
[2019-10-02 14:32:47.717] [jointLog] [info] Finished optimizer
[2019-10-02 14:32:47.717] [jointLog] [info] writing output 

