[2019-10-02 14:14:54.761] [jointLog] [info] Fragment incompatibility prior below threshold.  Incompatible fragments will be ignored.
[2019-10-02 14:14:54.762] [jointLog] [info] Usage of --validateMappings implies use of minScoreFraction. Since not explicitly specified, it is being set to 0.65
[2019-10-02 14:14:54.762] [jointLog] [info] Usage of --validateMappings, without --hardFilter implies use of range factorization. rangeFactorizationBins is being set to 4
[2019-10-02 14:14:54.762] [jointLog] [info] Usage of --validateMappings implies a default consensus slack of 0.2. Setting consensusSlack to 0.2.
[2019-10-02 14:14:54.762] [jointLog] [info] parsing read library format
[2019-10-02 14:14:54.762] [jointLog] [info] There is 1 library.
[2019-10-02 14:14:54.840] [jointLog] [info] Loading Quasi index
[2019-10-02 14:14:54.841] [jointLog] [info] Loading 32-bit quasi index
[2019-10-02 14:27:43.736] [jointLog] [info] done
[2019-10-02 14:27:43.736] [jointLog] [info] Index contained 233,839 targets
[2019-10-02 14:27:44.784] [jointLog] [info] Automatically detected most likely library type as ISR
[2019-10-02 14:34:15.924] [jointLog] [info] Thread saw mini-batch with a maximum of 1.28% zero probability fragments
[2019-10-02 14:34:16.004] [jointLog] [info] Thread saw mini-batch with a maximum of 1.30% zero probability fragments
[2019-10-02 14:34:16.016] [jointLog] [info] Thread saw mini-batch with a maximum of 1.26% zero probability fragments
[2019-10-02 14:34:16.064] [jointLog] [info] Thread saw mini-batch with a maximum of 1.24% zero probability fragments
[2019-10-02 14:34:16.100] [jointLog] [info] Thread saw mini-batch with a maximum of 1.26% zero probability fragments
[2019-10-02 14:34:16.104] [jointLog] [info] Thread saw mini-batch with a maximum of 1.34% zero probability fragments
[2019-10-02 14:34:16.122] [jointLog] [info] Thread saw mini-batch with a maximum of 1.20% zero probability fragments
[2019-10-02 14:34:16.212] [jointLog] [info] Thread saw mini-batch with a maximum of 1.28% zero probability fragments
[2019-10-02 14:34:16.269] [jointLog] [info] Thread saw mini-batch with a maximum of 1.30% zero probability fragments
[2019-10-02 14:34:16.303] [jointLog] [info] Thread saw mini-batch with a maximum of 1.30% zero probability fragments
[2019-10-02 14:34:16.979] [jointLog] [info] Computed 662,795 rich equivalence classes for further processing
[2019-10-02 14:34:16.979] [jointLog] [info] Counted 38,609,761 total reads in the equivalence classes 
[2019-10-02 14:34:17.006] [jointLog] [info] Number of mappings discarded because of alignment score : 5,063,905
[2019-10-02 14:34:17.006] [jointLog] [info] Number of fragments entirely discarded because of alignment score : 1,755,008
[2019-10-02 14:34:17.006] [jointLog] [info] Mapping rate = 93.2166%

[2019-10-02 14:34:17.006] [jointLog] [info] finished quantifyLibrary()
[2019-10-02 14:34:17.009] [jointLog] [info] Starting optimizer
[2019-10-02 14:34:16.980] [fileLog] [info] 
At end of round 0
==================
Observed 41419399 total fragments (41419399 in most recent round)

[2019-10-02 14:34:17.213] [jointLog] [info] Marked 0 weighted equivalence classes as degenerate
[2019-10-02 14:34:17.235] [jointLog] [info] iteration = 0 | max rel diff. = 3741.16
[2019-10-02 14:34:19.246] [jointLog] [info] iteration = 100 | max rel diff. = 5.4122
[2019-10-02 14:34:21.320] [jointLog] [info] iteration = 200 | max rel diff. = 12.6485
[2019-10-02 14:34:23.395] [jointLog] [info] iteration = 300 | max rel diff. = 0.32897
[2019-10-02 14:34:25.472] [jointLog] [info] iteration = 400 | max rel diff. = 2.18136
[2019-10-02 14:34:27.549] [jointLog] [info] iteration = 500 | max rel diff. = 0.546006
[2019-10-02 14:34:29.622] [jointLog] [info] iteration = 600 | max rel diff. = 0.110572
[2019-10-02 14:34:31.739] [jointLog] [info] iteration = 700 | max rel diff. = 0.321899
[2019-10-02 14:34:33.902] [jointLog] [info] iteration = 800 | max rel diff. = 1.44819
[2019-10-02 14:34:36.022] [jointLog] [info] iteration = 900 | max rel diff. = 0.569676
[2019-10-02 14:34:38.138] [jointLog] [info] iteration = 1,000 | max rel diff. = 0.284814
[2019-10-02 14:34:39.638] [jointLog] [info] iteration = 1,074 | max rel diff. = 0.00594044
[2019-10-02 14:34:39.644] [jointLog] [info] Finished optimizer
[2019-10-02 14:34:39.644] [jointLog] [info] writing output 

