[2019-10-02 14:11:34.617] [jointLog] [info] Fragment incompatibility prior below threshold.  Incompatible fragments will be ignored.
[2019-10-02 14:11:34.618] [jointLog] [info] Usage of --validateMappings implies use of minScoreFraction. Since not explicitly specified, it is being set to 0.65
[2019-10-02 14:11:34.618] [jointLog] [info] Usage of --validateMappings, without --hardFilter implies use of range factorization. rangeFactorizationBins is being set to 4
[2019-10-02 14:11:34.618] [jointLog] [info] Usage of --validateMappings implies a default consensus slack of 0.2. Setting consensusSlack to 0.2.
[2019-10-02 14:11:34.618] [jointLog] [info] parsing read library format
[2019-10-02 14:11:34.618] [jointLog] [info] There is 1 library.
[2019-10-02 14:11:34.806] [jointLog] [info] Loading Quasi index
[2019-10-02 14:11:34.808] [jointLog] [info] Loading 32-bit quasi index
[2019-10-02 14:23:08.054] [jointLog] [info] done
[2019-10-02 14:23:08.054] [jointLog] [info] Index contained 233,839 targets
[2019-10-02 14:23:09.163] [jointLog] [info] Automatically detected most likely library type as ISR
[2019-10-02 14:28:22.569] [jointLog] [info] Thread saw mini-batch with a maximum of 1.28% zero probability fragments
[2019-10-02 14:28:22.627] [jointLog] [info] Thread saw mini-batch with a maximum of 1.36% zero probability fragments
[2019-10-02 14:28:22.660] [jointLog] [info] Thread saw mini-batch with a maximum of 1.34% zero probability fragments
[2019-10-02 14:28:22.667] [jointLog] [info] Thread saw mini-batch with a maximum of 1.34% zero probability fragments
[2019-10-02 14:28:22.734] [jointLog] [info] Thread saw mini-batch with a maximum of 1.22% zero probability fragments
[2019-10-02 14:28:22.803] [jointLog] [info] Thread saw mini-batch with a maximum of 1.20% zero probability fragments
[2019-10-02 14:28:22.886] [jointLog] [info] Thread saw mini-batch with a maximum of 1.28% zero probability fragments
[2019-10-02 14:28:23.005] [jointLog] [info] Thread saw mini-batch with a maximum of 1.24% zero probability fragments
[2019-10-02 14:28:23.015] [jointLog] [info] Thread saw mini-batch with a maximum of 1.28% zero probability fragments
[2019-10-02 14:28:23.054] [jointLog] [info] Thread saw mini-batch with a maximum of 1.24% zero probability fragments
[2019-10-02 14:28:23.667] [jointLog] [info] Computed 619,616 rich equivalence classes for further processing
[2019-10-02 14:28:23.667] [jointLog] [info] Counted 24,692,518 total reads in the equivalence classes 
[2019-10-02 14:28:23.698] [jointLog] [info] Number of mappings discarded because of alignment score : 4,024,768
[2019-10-02 14:28:23.698] [jointLog] [info] Number of fragments entirely discarded because of alignment score : 1,485,200
[2019-10-02 14:28:23.698] [jointLog] [info] Mapping rate = 91.7142%

[2019-10-02 14:28:23.698] [jointLog] [info] finished quantifyLibrary()
[2019-10-02 14:28:23.700] [jointLog] [info] Starting optimizer
[2019-10-02 14:28:23.894] [jointLog] [info] Marked 0 weighted equivalence classes as degenerate
[2019-10-02 14:28:23.916] [jointLog] [info] iteration = 0 | max rel diff. = 5304.37
[2019-10-02 14:28:23.668] [fileLog] [info] 
At end of round 0
==================
Observed 26923330 total fragments (26923330 in most recent round)

[2019-10-02 14:28:25.883] [jointLog] [info] iteration = 100 | max rel diff. = 16.0894
[2019-10-02 14:28:27.810] [jointLog] [info] iteration = 200 | max rel diff. = 12.8695
[2019-10-02 14:28:29.767] [jointLog] [info] iteration = 300 | max rel diff. = 1.02784
[2019-10-02 14:28:31.722] [jointLog] [info] iteration = 400 | max rel diff. = 0.527361
[2019-10-02 14:28:33.678] [jointLog] [info] iteration = 500 | max rel diff. = 1.14115
[2019-10-02 14:28:35.634] [jointLog] [info] iteration = 600 | max rel diff. = 0.120053
[2019-10-02 14:28:37.591] [jointLog] [info] iteration = 700 | max rel diff. = 0.187648
[2019-10-02 14:28:39.548] [jointLog] [info] iteration = 800 | max rel diff. = 0.0736294
[2019-10-02 14:28:41.504] [jointLog] [info] iteration = 900 | max rel diff. = 0.0126523
[2019-10-02 14:28:43.283] [jointLog] [info] iteration = 992 | max rel diff. = 0.00835311
[2019-10-02 14:28:43.290] [jointLog] [info] Finished optimizer
[2019-10-02 14:28:43.290] [jointLog] [info] writing output 

